#
# There is insufficient memory for the Java Runtime Environment to continue.
# Native memory allocation (malloc) failed to allocate 1684176 bytes for Chunk::new
# Possible reasons:
#   The system is out of physical RAM or swap space
#   The process is running with CompressedOops enabled, and the Java Heap may be blocking the growth of the native heap
# Possible solutions:
#   Reduce memory load on the system
#   Increase physical memory or swap space
#   Check if swap backing store is full
#   Decrease Java heap size (-Xmx/-Xms)
#   Decrease number of Java threads
#   Decrease Java thread stack sizes (-Xss)
#   Set larger code cache with -XX:ReservedCodeCacheSize=
#   JVM is running with Zero Based Compressed Oops mode in which the Java heap is
#     placed in the first 32GB address space. The Java Heap base address is the
#     maximum limit for the native heap growth. Please use -XX:HeapBaseMinAddress
#     to set the Java Heap base and to place the Java Heap above 32GB virtual address.
# This output file may be truncated or incomplete.
#
#  Out of Memory Error (arena.cpp:189), pid=6932, tid=50644
#
# JRE version: OpenJDK Runtime Environment (17.0.6) (build 17.0.6+0-b2043.56-9586694)
# Java VM: OpenJDK 64-Bit Server VM (17.0.6+0-b2043.56-9586694, mixed mode, tiered, compressed oops, compressed class ptrs, g1 gc, windows-amd64)
# No core dump will be written. Minidumps are not enabled by default on client versions of Windows
#

---------------  S U M M A R Y ------------

Command Line: --add-opens=java.base/java.util=ALL-UNNAMED --add-opens=java.base/java.lang=ALL-UNNAMED --add-opens=java.base/java.lang.invoke=ALL-UNNAMED --add-opens=java.base/java.util=ALL-UNNAMED --add-opens=java.prefs/java.util.prefs=ALL-UNNAMED --add-opens=java.prefs/java.util.prefs=ALL-UNNAMED --add-opens=java.base/java.nio.charset=ALL-UNNAMED --add-opens=java.base/java.net=ALL-UNNAMED --add-opens=java.base/java.util.concurrent.atomic=ALL-UNNAMED -Xmx4608m -Dfile.encoding=windows-1252 -Duser.country=IN -Duser.language=en -Duser.variant org.gradle.launcher.daemon.bootstrap.GradleDaemon 7.5

Host: AMD Ryzen 5 5500U with Radeon Graphics         , 12 cores, 5G,  Windows 11 , 64 bit Build 22621 (10.0.22621.1778)
Time: Sun Jul 30 23:03:11 2023 India Standard Time elapsed time: 25.184967 seconds (0d 0h 0m 25s)

---------------  T H R E A D  ---------------

Current thread (0x0000018fdec4e280):  JavaThread "C2 CompilerThread0" daemon [_thread_in_native, id=50644, stack(0x00000016ac900000,0x00000016aca00000)]


Current CompileTask:
C2:  25185 11561       4       org.gradle.internal.reflect.ClassInspector::inspectClass (179 bytes)

Stack: [0x00000016ac900000,0x00000016aca00000]
Native frames: (J=compiled Java code, j=interpreted, Vv=VM code, C=native code)
V  [jvm.dll+0x683b4a]
V  [jvm.dll+0x842654]
V  [jvm.dll+0x843dfe]
V  [jvm.dll+0x844463]
V  [jvm.dll+0x249b75]
V  [jvm.dll+0xabcac]
V  [jvm.dll+0xac27c]
V  [jvm.dll+0x368802]
V  [jvm.dll+0x332f31]
V  [jvm.dll+0x3323da]
V  [jvm.dll+0x21c201]
V  [jvm.dll+0x21b621]
V  [jvm.dll+0x1a4fdd]
V  [jvm.dll+0x22b098]
V  [jvm.dll+0x229159]
V  [jvm.dll+0x7f809c]
V  [jvm.dll+0x7f25fa]
V  [jvm.dll+0x682985]
C  [ucrtbase.dll+0x29363]
C  [KERNEL32.DLL+0x126ad]
C  [ntdll.dll+0x5a9f8]


---------------  P R O C E S S  ---------------

Threads class SMR info:
_java_thread_list=0x0000018fe49746c0, length=170, elements={
0x0000018fbe11d220, 0x0000018fde0a3930, 0x0000018fde08ba30, 0x0000018fdec55d60,
0x0000018fdec56620, 0x0000018fdec574f0, 0x0000018fdec57db0, 0x0000018fdec4e280,
0x0000018fdec4ed20, 0x0000018fdec51720, 0x0000018fdede0430, 0x0000018fdede3180,
0x0000018fe14e11e0, 0x0000018fe14df420, 0x0000018fe05f2590, 0x0000018fe1327060,
0x0000018fe1327530, 0x0000018fdf579980, 0x0000018fdf9a80a0, 0x0000018fdfecbd40,
0x0000018fdfeccbb0, 0x0000018fdfecc6e0, 0x0000018fdfecd080, 0x0000018fe184f5e0,
0x0000018fe184fab0, 0x0000018fe184adb0, 0x0000018fe184e2a0, 0x0000018fe184c0f0,
0x0000018fe1851790, 0x0000018fe18512c0, 0x0000018fe1850df0, 0x0000018fe1849f40,
0x0000018fe184ff80, 0x0000018fe1850450, 0x0000018fe184d430, 0x0000018fe184e770,
0x0000018fe184b280, 0x0000018fe184ddd0, 0x0000018fe184f110, 0x0000018fe184bc20,
0x0000018fe0401eb0, 0x0000018fe0400b70, 0x0000018fe0401040, 0x0000018fe0401510,
0x0000018fe0402380, 0x0000018fe0402850, 0x0000018fe04031f0, 0x0000018fe03fe020,
0x0000018fe03fe9c0, 0x0000018fe0404a00, 0x0000018fe0402d20, 0x0000018fe04019e0,
0x0000018fe03fee90, 0x0000018fe04036c0, 0x0000018fe0403b90, 0x0000018fe03ff830,
0x0000018fe0404060, 0x0000018fe03ff360, 0x0000018fe0404ed0, 0x0000018fe0404530,
0x0000018fe03ffd00, 0x0000018fe03fd680, 0x0000018fe03fdb50, 0x0000018fe04001d0,
0x0000018fe04006a0, 0x0000018fdf72fae0, 0x0000018fdf732160, 0x0000018fdf732fd0,
0x0000018fdf7364c0, 0x0000018fdf730e20, 0x0000018fdf732630, 0x0000018fdf737330,
0x0000018fdf732b00, 0x0000018fdf730950, 0x0000018fdf7347e0, 0x0000018fdf72ffb0,
0x0000018fdf7312f0, 0x0000018fdf731c90, 0x0000018fdf736990, 0x0000018fdf733970,
0x0000018fdf7334a0, 0x0000018fdf7317c0, 0x0000018fdf733e40, 0x0000018fdf734310,
0x0000018fdf730480, 0x0000018fdf736e60, 0x0000018fdf734cb0, 0x0000018fdf735180,
0x0000018fdf735650, 0x0000018fdf735b20, 0x0000018fdf735ff0, 0x0000018fe4676de0,
0x0000018fe46785f0, 0x0000018fe4675f70, 0x0000018fe46772b0, 0x0000018fe4674290,
0x0000018fe4678120, 0x0000018fe4676910, 0x0000018fe4674760, 0x0000018fe4675100,
0x0000018fe4677780, 0x0000018fe4676440, 0x0000018fe4677c50, 0x0000018fe4672a80,
0x0000018fe4678ac0, 0x0000018fe4678f90, 0x0000018fe46725b0, 0x0000018fe4679460,
0x0000018fe4675aa0, 0x0000018fe4679930, 0x0000018fe46720e0, 0x0000018fe4673420,
0x0000018fe4672f50, 0x0000018fe46738f0, 0x0000018fe4673dc0, 0x0000018fe4674c30,
0x0000018fe46755d0, 0x0000018fe3c58720, 0x0000018fe3c59a60, 0x0000018fe3c58bf0,
0x0000018fe3c58250, 0x0000018fe3c57d80, 0x0000018fe3c59f30, 0x0000018fe3c590c0,
0x0000018fe3c59590, 0x0000018fe3c56570, 0x0000018fe3c56f10, 0x0000018fe3c56a40,
0x0000018fe3c578b0, 0x0000018fe3c573e0, 0x0000018fe33c9b20, 0x0000018fe33cc1a0,
0x0000018fe33ccb40, 0x0000018fe33c9ff0, 0x0000018fe33cd9b0, 0x0000018fe33cb330,
0x0000018fe33cecf0, 0x0000018fe33ce820, 0x0000018fe33cae60, 0x0000018fe33c7e40,
0x0000018fe33cc670, 0x0000018fe33c8310, 0x0000018fe33c87e0, 0x0000018fe33cde80,
0x0000018fe33cbcd0, 0x0000018fe33cd010, 0x0000018fe33c8cb0, 0x0000018fe33ca4c0,
0x0000018fe33ce350, 0x0000018fe33cb800, 0x0000018fe33c74a0, 0x0000018fe33cd4e0,
0x0000018fe33c7970, 0x0000018fe33c9180, 0x0000018fe33c9650, 0x0000018fe33ca990,
0x0000018fe3daf510, 0x0000018fe3dad360, 0x0000018fe3dac9c0, 0x0000018fe3daeb70,
0x0000018fe3dad830, 0x0000018fe3dadd00, 0x0000018fe3dae6a0, 0x0000018fe3daa810,
0x0000018fe3daace0, 0x0000018fe3db0d20, 0x0000018fe3dac4f0, 0x0000018fe3daa340,
0x0000018fe3db0380, 0x0000018fe4fcaec0
}

Java Threads: ( => current thread )
  0x0000018fbe11d220 JavaThread "main" [_thread_blocked, id=57584, stack(0x00000016abc00000,0x00000016abd00000)]
  0x0000018fde0a3930 JavaThread "Reference Handler" daemon [_thread_blocked, id=43168, stack(0x00000016ac300000,0x00000016ac400000)]
  0x0000018fde08ba30 JavaThread "Finalizer" daemon [_thread_blocked, id=22536, stack(0x00000016ac400000,0x00000016ac500000)]
  0x0000018fdec55d60 JavaThread "Signal Dispatcher" daemon [_thread_blocked, id=36464, stack(0x00000016ac500000,0x00000016ac600000)]
  0x0000018fdec56620 JavaThread "Attach Listener" daemon [_thread_blocked, id=10188, stack(0x00000016ac600000,0x00000016ac700000)]
  0x0000018fdec574f0 JavaThread "Service Thread" daemon [_thread_blocked, id=15188, stack(0x00000016ac700000,0x00000016ac800000)]
  0x0000018fdec57db0 JavaThread "Monitor Deflation Thread" daemon [_thread_blocked, id=53668, stack(0x00000016ac800000,0x00000016ac900000)]
=>0x0000018fdec4e280 JavaThread "C2 CompilerThread0" daemon [_thread_in_native, id=50644, stack(0x00000016ac900000,0x00000016aca00000)]
  0x0000018fdec4ed20 JavaThread "C1 CompilerThread0" daemon [_thread_blocked, id=53636, stack(0x00000016aca00000,0x00000016acb00000)]
  0x0000018fdec51720 JavaThread "Sweeper thread" daemon [_thread_blocked, id=45068, stack(0x00000016acb00000,0x00000016acc00000)]
  0x0000018fdede0430 JavaThread "Common-Cleaner" daemon [_thread_blocked, id=44504, stack(0x00000016acc00000,0x00000016acd00000)]
  0x0000018fdede3180 JavaThread "Notification Thread" daemon [_thread_blocked, id=25592, stack(0x00000016acd00000,0x00000016ace00000)]
  0x0000018fe14e11e0 JavaThread "Daemon health stats" [_thread_blocked, id=57484, stack(0x00000016ad400000,0x00000016ad500000)]
  0x0000018fe14df420 JavaThread "Incoming local TCP Connector on port 61353" [_thread_in_native, id=55148, stack(0x00000016ad800000,0x00000016ad900000)]
  0x0000018fe05f2590 JavaThread "Daemon periodic checks" [_thread_blocked, id=54896, stack(0x00000016ad900000,0x00000016ada00000)]
  0x0000018fe1327060 JavaThread "Daemon" [_thread_blocked, id=2944, stack(0x00000016ada00000,0x00000016adb00000)]
  0x0000018fe1327530 JavaThread "Handler for socket connection from /127.0.0.1:61353 to /127.0.0.1:61354" [_thread_in_native, id=56180, stack(0x00000016adb00000,0x00000016adc00000)]
  0x0000018fdf579980 JavaThread "Cancel handler" [_thread_blocked, id=55784, stack(0x00000016adc00000,0x00000016add00000)]
  0x0000018fdf9a80a0 JavaThread "Daemon worker" [_thread_in_native, id=55572, stack(0x00000016add00000,0x00000016ade00000)]
  0x0000018fdfecbd40 JavaThread "Asynchronous log dispatcher for DefaultDaemonConnection: socket connection from /127.0.0.1:61353 to /127.0.0.1:61354" [_thread_blocked, id=49300, stack(0x00000016ade00000,0x00000016adf00000)]
  0x0000018fdfeccbb0 JavaThread "Stdin handler" [_thread_blocked, id=19324, stack(0x00000016adf00000,0x00000016ae000000)]
  0x0000018fdfecc6e0 JavaThread "Daemon client event forwarder" [_thread_blocked, id=55672, stack(0x00000016ae000000,0x00000016ae100000)]
  0x0000018fdfecd080 JavaThread "Cache worker for journal cache (C:\Users\ifnaa_iyjrs70\.gradle\caches\journal-1)" [_thread_blocked, id=45244, stack(0x00000016ae100000,0x00000016ae200000)]
  0x0000018fe184f5e0 JavaThread "File lock request listener" [_thread_in_native, id=1732, stack(0x00000016ae200000,0x00000016ae300000)]
  0x0000018fe184fab0 JavaThread "Cache worker for file hash cache (C:\Users\ifnaa_iyjrs70\.gradle\caches\7.5\fileHashes)" [_thread_blocked, id=51324, stack(0x00000016ae700000,0x00000016ae800000)]
  0x0000018fe184adb0 JavaThread "File watcher server" daemon [_thread_in_native, id=37816, stack(0x00000016ae800000,0x00000016ae900000)]
  0x0000018fe184e2a0 JavaThread "File watcher consumer" daemon [_thread_blocked, id=58312, stack(0x00000016ae900000,0x00000016aea00000)]
  0x0000018fe184c0f0 JavaThread "Cache worker for checksums cache (C:\Users\ifnaa_iyjrs70\OneDrive\Desktop\project\knightly\Dechess\android\.gradle\7.5\checksums)" [_thread_blocked, id=21780, stack(0x00000016aea00000,0x00000016aeb00000)]
  0x0000018fe1851790 JavaThread "Cache worker for cache directory md-rule (C:\Users\ifnaa_iyjrs70\.gradle\caches\7.5\md-rule)" [_thread_blocked, id=38664, stack(0x00000016aeb00000,0x00000016aec00000)]
  0x0000018fe18512c0 JavaThread "Cache worker for file content cache (C:\Users\ifnaa_iyjrs70\.gradle\caches\7.5\fileContent)" [_thread_blocked, id=57928, stack(0x00000016aec00000,0x00000016aed00000)]
  0x0000018fe1850df0 JavaThread "Cache worker for file hash cache (C:\Users\ifnaa_iyjrs70\OneDrive\Desktop\project\knightly\Dechess\android\.gradle\7.5\fileHashes)" [_thread_blocked, id=15604, stack(0x00000016aed00000,0x00000016aee00000)]
  0x0000018fe1849f40 JavaThread "Cache worker for cache directory md-supplier (C:\Users\ifnaa_iyjrs70\.gradle\caches\7.5\md-supplier)" [_thread_blocked, id=57248, stack(0x00000016aee00000,0x00000016aef00000)]
  0x0000018fe184ff80 JavaThread "Cache worker for execution history cache (C:\Users\ifnaa_iyjrs70\.gradle\caches\7.5\executionHistory)" [_thread_blocked, id=39284, stack(0x00000016aef00000,0x00000016af000000)]
  0x0000018fe1850450 JavaThread "jar transforms" [_thread_blocked, id=54976, stack(0x00000016af000000,0x00000016af100000)]
  0x0000018fe184d430 JavaThread "jar transforms Thread 2" [_thread_blocked, id=52716, stack(0x00000016af100000,0x00000016af200000)]
  0x0000018fe184e770 JavaThread "jar transforms Thread 3" [_thread_blocked, id=24228, stack(0x00000016af200000,0x00000016af300000)]
  0x0000018fe184b280 JavaThread "jar transforms Thread 4" [_thread_blocked, id=21984, stack(0x00000016af300000,0x00000016af400000)]
  0x0000018fe184ddd0 JavaThread "Cache worker for dependencies-accessors (C:\Users\ifnaa_iyjrs70\OneDrive\Desktop\project\knightly\Dechess\android\.gradle\7.5\dependencies-accessors)" [_thread_blocked, id=50060, stack(0x00000016af400000,0x00000016af500000)]
  0x0000018fe184f110 JavaThread "jar transforms Thread 5" [_thread_blocked, id=47564, stack(0x00000016af500000,0x00000016af600000)]
  0x0000018fe184bc20 JavaThread "Cache worker for Build Output Cleanup Cache (C:\Users\ifnaa_iyjrs70\OneDrive\Desktop\project\knightly\Dechess\android\.gradle\buildOutputCleanup)" [_thread_blocked, id=57636, stack(0x00000016af600000,0x00000016af700000)]
  0x0000018fe0401eb0 JavaThread "Unconstrained build operations" [_thread_blocked, id=49700, stack(0x00000016af700000,0x00000016af800000)]
  0x0000018fe0400b70 JavaThread "Unconstrained build operations Thread 2" [_thread_blocked, id=58192, stack(0x00000016af800000,0x00000016af900000)]
  0x0000018fe0401040 JavaThread "Unconstrained build operations Thread 3" [_thread_blocked, id=28620, stack(0x00000016af900000,0x00000016afa00000)]
  0x0000018fe0401510 JavaThread "Unconstrained build operations Thread 4" [_thread_blocked, id=47324, stack(0x00000016afa00000,0x00000016afb00000)]
  0x0000018fe0402380 JavaThread "Unconstrained build operations Thread 5" [_thread_blocked, id=9304, stack(0x00000016afb00000,0x00000016afc00000)]
  0x0000018fe0402850 JavaThread "Unconstrained build operations Thread 6" [_thread_blocked, id=57656, stack(0x00000016afc00000,0x00000016afd00000)]
  0x0000018fe04031f0 JavaThread "Unconstrained build operations Thread 7" [_thread_blocked, id=53300, stack(0x00000016afd00000,0x00000016afe00000)]
  0x0000018fe03fe020 JavaThread "Unconstrained build operations Thread 8" [_thread_blocked, id=32700, stack(0x00000016afe00000,0x00000016aff00000)]
  0x0000018fe03fe9c0 JavaThread "Unconstrained build operations Thread 9" [_thread_blocked, id=58096, stack(0x00000016aff00000,0x00000016b0000000)]
  0x0000018fe0404a00 JavaThread "Unconstrained build operations Thread 10" [_thread_blocked, id=56536, stack(0x00000016b0000000,0x00000016b0100000)]
  0x0000018fe0402d20 JavaThread "Unconstrained build operations Thread 11" [_thread_blocked, id=48260, stack(0x00000016b0100000,0x00000016b0200000)]
  0x0000018fe04019e0 JavaThread "Unconstrained build operations Thread 12" [_thread_blocked, id=54840, stack(0x00000016b0200000,0x00000016b0300000)]
  0x0000018fe03fee90 JavaThread "Unconstrained build operations Thread 13" [_thread_blocked, id=15620, stack(0x00000016b0300000,0x00000016b0400000)]
  0x0000018fe04036c0 JavaThread "Unconstrained build operations Thread 14" [_thread_blocked, id=16016, stack(0x00000016b0400000,0x00000016b0500000)]
  0x0000018fe0403b90 JavaThread "Unconstrained build operations Thread 15" [_thread_blocked, id=17676, stack(0x00000016b0500000,0x00000016b0600000)]
  0x0000018fe03ff830 JavaThread "Unconstrained build operations Thread 16" [_thread_blocked, id=54140, stack(0x00000016b0600000,0x00000016b0700000)]
  0x0000018fe0404060 JavaThread "Unconstrained build operations Thread 17" [_thread_blocked, id=49016, stack(0x00000016b0700000,0x00000016b0800000)]
  0x0000018fe03ff360 JavaThread "Unconstrained build operations Thread 18" [_thread_blocked, id=45880, stack(0x00000016b0800000,0x00000016b0900000)]
  0x0000018fe0404ed0 JavaThread "Unconstrained build operations Thread 19" [_thread_blocked, id=32372, stack(0x00000016b0900000,0x00000016b0a00000)]
  0x0000018fe0404530 JavaThread "Unconstrained build operations Thread 20" [_thread_blocked, id=432, stack(0x00000016b0a00000,0x00000016b0b00000)]
  0x0000018fe03ffd00 JavaThread "Unconstrained build operations Thread 21" [_thread_blocked, id=12864, stack(0x00000016b0b00000,0x00000016b0c00000)]
  0x0000018fe03fd680 JavaThread "Unconstrained build operations Thread 22" [_thread_blocked, id=53572, stack(0x00000016b0c00000,0x00000016b0d00000)]
  0x0000018fe03fdb50 JavaThread "Unconstrained build operations Thread 23" [_thread_blocked, id=49632, stack(0x00000016b0d00000,0x00000016b0e00000)]
  0x0000018fe04001d0 JavaThread "Unconstrained build operations Thread 24" [_thread_blocked, id=23652, stack(0x00000016b0e00000,0x00000016b0f00000)]
  0x0000018fe04006a0 JavaThread "Unconstrained build operations Thread 25" [_thread_blocked, id=37456, stack(0x00000016b0f00000,0x00000016b1000000)]
  0x0000018fdf72fae0 JavaThread "Unconstrained build operations Thread 26" [_thread_blocked, id=49036, stack(0x00000016b1000000,0x00000016b1100000)]
  0x0000018fdf732160 JavaThread "Unconstrained build operations Thread 27" [_thread_blocked, id=36148, stack(0x00000016b1100000,0x00000016b1200000)]
  0x0000018fdf732fd0 JavaThread "Unconstrained build operations Thread 28" [_thread_blocked, id=55828, stack(0x00000016b1200000,0x00000016b1300000)]
  0x0000018fdf7364c0 JavaThread "Unconstrained build operations Thread 29" [_thread_blocked, id=3792, stack(0x00000016b1300000,0x00000016b1400000)]
  0x0000018fdf730e20 JavaThread "Unconstrained build operations Thread 30" [_thread_blocked, id=53536, stack(0x00000016b1400000,0x00000016b1500000)]
  0x0000018fdf732630 JavaThread "Unconstrained build operations Thread 31" [_thread_blocked, id=18480, stack(0x00000016b1500000,0x00000016b1600000)]
  0x0000018fdf737330 JavaThread "Unconstrained build operations Thread 32" [_thread_blocked, id=2028, stack(0x00000016b1600000,0x00000016b1700000)]
  0x0000018fdf732b00 JavaThread "Unconstrained build operations Thread 33" [_thread_blocked, id=46276, stack(0x00000016b1700000,0x00000016b1800000)]
  0x0000018fdf730950 JavaThread "Unconstrained build operations Thread 34" [_thread_blocked, id=51884, stack(0x00000016b1800000,0x00000016b1900000)]
  0x0000018fdf7347e0 JavaThread "Unconstrained build operations Thread 35" [_thread_blocked, id=41340, stack(0x00000016b1900000,0x00000016b1a00000)]
  0x0000018fdf72ffb0 JavaThread "Unconstrained build operations Thread 36" [_thread_blocked, id=24060, stack(0x00000016b1a00000,0x00000016b1b00000)]
  0x0000018fdf7312f0 JavaThread "Unconstrained build operations Thread 37" [_thread_blocked, id=9844, stack(0x00000016b1b00000,0x00000016b1c00000)]
  0x0000018fdf731c90 JavaThread "Unconstrained build operations Thread 38" [_thread_blocked, id=50216, stack(0x00000016b1c00000,0x00000016b1d00000)]
  0x0000018fdf736990 JavaThread "Unconstrained build operations Thread 39" [_thread_blocked, id=52220, stack(0x00000016b1d00000,0x00000016b1e00000)]
  0x0000018fdf733970 JavaThread "Unconstrained build operations Thread 40" [_thread_blocked, id=27604, stack(0x00000016b1e00000,0x00000016b1f00000)]
  0x0000018fdf7334a0 JavaThread "Unconstrained build operations Thread 41" [_thread_blocked, id=52212, stack(0x00000016b1f00000,0x00000016b2000000)]
  0x0000018fdf7317c0 JavaThread "Unconstrained build operations Thread 42" [_thread_blocked, id=50948, stack(0x00000016b2000000,0x00000016b2100000)]
  0x0000018fdf733e40 JavaThread "Unconstrained build operations Thread 43" [_thread_blocked, id=47452, stack(0x00000016b2100000,0x00000016b2200000)]
  0x0000018fdf734310 JavaThread "Unconstrained build operations Thread 44" [_thread_blocked, id=48396, stack(0x00000016b2200000,0x00000016b2300000)]
  0x0000018fdf730480 JavaThread "Unconstrained build operations Thread 45" [_thread_blocked, id=32416, stack(0x00000016b2300000,0x00000016b2400000)]
  0x0000018fdf736e60 JavaThread "Unconstrained build operations Thread 46" [_thread_blocked, id=30392, stack(0x00000016b2400000,0x00000016b2500000)]
  0x0000018fdf734cb0 JavaThread "Unconstrained build operations Thread 47" [_thread_blocked, id=12056, stack(0x00000016b2500000,0x00000016b2600000)]
  0x0000018fdf735180 JavaThread "Unconstrained build operations Thread 48" [_thread_blocked, id=30532, stack(0x00000016b2600000,0x00000016b2700000)]
  0x0000018fdf735650 JavaThread "Unconstrained build operations Thread 49" [_thread_blocked, id=39340, stack(0x00000016b2700000,0x00000016b2800000)]
  0x0000018fdf735b20 JavaThread "Unconstrained build operations Thread 50" [_thread_blocked, id=55124, stack(0x00000016b2800000,0x00000016b2900000)]
  0x0000018fdf735ff0 JavaThread "Unconstrained build operations Thread 51" [_thread_blocked, id=51860, stack(0x00000016b2900000,0x00000016b2a00000)]
  0x0000018fe4676de0 JavaThread "Unconstrained build operations Thread 52" [_thread_blocked, id=52836, stack(0x00000016b2a00000,0x00000016b2b00000)]
  0x0000018fe46785f0 JavaThread "Unconstrained build operations Thread 53" [_thread_blocked, id=45996, stack(0x00000016b2b00000,0x00000016b2c00000)]
  0x0000018fe4675f70 JavaThread "Unconstrained build operations Thread 54" [_thread_blocked, id=55464, stack(0x00000016b2c00000,0x00000016b2d00000)]
  0x0000018fe46772b0 JavaThread "Unconstrained build operations Thread 55" [_thread_blocked, id=35112, stack(0x00000016b2d00000,0x00000016b2e00000)]
  0x0000018fe4674290 JavaThread "Unconstrained build operations Thread 56" [_thread_blocked, id=57372, stack(0x00000016b2e00000,0x00000016b2f00000)]
  0x0000018fe4678120 JavaThread "Unconstrained build operations Thread 57" [_thread_blocked, id=50756, stack(0x00000016b2f00000,0x00000016b3000000)]
  0x0000018fe4676910 JavaThread "Unconstrained build operations Thread 58" [_thread_blocked, id=13152, stack(0x00000016b3000000,0x00000016b3100000)]
  0x0000018fe4674760 JavaThread "Unconstrained build operations Thread 59" [_thread_blocked, id=55060, stack(0x00000016b3100000,0x00000016b3200000)]
  0x0000018fe4675100 JavaThread "Unconstrained build operations Thread 60" [_thread_blocked, id=16696, stack(0x00000016b3200000,0x00000016b3300000)]
  0x0000018fe4677780 JavaThread "Unconstrained build operations Thread 61" [_thread_blocked, id=14912, stack(0x00000016b3300000,0x00000016b3400000)]
  0x0000018fe4676440 JavaThread "Unconstrained build operations Thread 62" [_thread_blocked, id=11308, stack(0x00000016b3400000,0x00000016b3500000)]
  0x0000018fe4677c50 JavaThread "Unconstrained build operations Thread 63" [_thread_blocked, id=37504, stack(0x00000016b3500000,0x00000016b3600000)]
  0x0000018fe4672a80 JavaThread "Unconstrained build operations Thread 64" [_thread_blocked, id=38252, stack(0x00000016b3600000,0x00000016b3700000)]
  0x0000018fe4678ac0 JavaThread "Unconstrained build operations Thread 65" [_thread_blocked, id=50292, stack(0x00000016b3700000,0x00000016b3800000)]
  0x0000018fe4678f90 JavaThread "Unconstrained build operations Thread 66" [_thread_blocked, id=47816, stack(0x00000016b3800000,0x00000016b3900000)]
  0x0000018fe46725b0 JavaThread "Unconstrained build operations Thread 67" [_thread_blocked, id=336, stack(0x00000016b3900000,0x00000016b3a00000)]
  0x0000018fe4679460 JavaThread "Unconstrained build operations Thread 68" [_thread_blocked, id=2108, stack(0x00000016b3a00000,0x00000016b3b00000)]
  0x0000018fe4675aa0 JavaThread "Unconstrained build operations Thread 69" [_thread_blocked, id=55752, stack(0x00000016b3b00000,0x00000016b3c00000)]
  0x0000018fe4679930 JavaThread "Unconstrained build operations Thread 70" [_thread_blocked, id=16172, stack(0x00000016b3c00000,0x00000016b3d00000)]
  0x0000018fe46720e0 JavaThread "Unconstrained build operations Thread 71" [_thread_blocked, id=52084, stack(0x00000016b3d00000,0x00000016b3e00000)]
  0x0000018fe4673420 JavaThread "Unconstrained build operations Thread 72" [_thread_blocked, id=56952, stack(0x00000016b3e00000,0x00000016b3f00000)]
  0x0000018fe4672f50 JavaThread "Unconstrained build operations Thread 73" [_thread_blocked, id=47876, stack(0x00000016b3f00000,0x00000016b4000000)]
  0x0000018fe46738f0 JavaThread "Unconstrained build operations Thread 74" [_thread_blocked, id=39916, stack(0x00000016b4000000,0x00000016b4100000)]
  0x0000018fe4673dc0 JavaThread "Unconstrained build operations Thread 75" [_thread_blocked, id=58248, stack(0x00000016b4100000,0x00000016b4200000)]
  0x0000018fe4674c30 JavaThread "Unconstrained build operations Thread 76" [_thread_blocked, id=47988, stack(0x00000016b4200000,0x00000016b4300000)]
  0x0000018fe46755d0 JavaThread "Unconstrained build operations Thread 77" [_thread_blocked, id=56948, stack(0x00000016b4300000,0x00000016b4400000)]
  0x0000018fe3c58720 JavaThread "Unconstrained build operations Thread 78" [_thread_blocked, id=41180, stack(0x00000016b4400000,0x00000016b4500000)]
  0x0000018fe3c59a60 JavaThread "Unconstrained build operations Thread 79" [_thread_blocked, id=55856, stack(0x00000016b4500000,0x00000016b4600000)]
  0x0000018fe3c58bf0 JavaThread "Unconstrained build operations Thread 80" [_thread_blocked, id=57064, stack(0x00000016b4600000,0x00000016b4700000)]
  0x0000018fe3c58250 JavaThread "Unconstrained build operations Thread 81" [_thread_blocked, id=52528, stack(0x00000016b4700000,0x00000016b4800000)]
  0x0000018fe3c57d80 JavaThread "Unconstrained build operations Thread 82" [_thread_blocked, id=7964, stack(0x00000016b4800000,0x00000016b4900000)]
  0x0000018fe3c59f30 JavaThread "Unconstrained build operations Thread 83" [_thread_blocked, id=52640, stack(0x00000016b4900000,0x00000016b4a00000)]
  0x0000018fe3c590c0 JavaThread "Unconstrained build operations Thread 84" [_thread_blocked, id=1036, stack(0x00000016b4a00000,0x00000016b4b00000)]
  0x0000018fe3c59590 JavaThread "Unconstrained build operations Thread 85" [_thread_blocked, id=37436, stack(0x00000016b4b00000,0x00000016b4c00000)]
  0x0000018fe3c56570 JavaThread "Unconstrained build operations Thread 86" [_thread_blocked, id=52536, stack(0x00000016b4c00000,0x00000016b4d00000)]
  0x0000018fe3c56f10 JavaThread "Unconstrained build operations Thread 87" [_thread_blocked, id=56512, stack(0x00000016b4d00000,0x00000016b4e00000)]
  0x0000018fe3c56a40 JavaThread "Unconstrained build operations Thread 88" [_thread_blocked, id=53588, stack(0x00000016b4e00000,0x00000016b4f00000)]
  0x0000018fe3c578b0 JavaThread "Unconstrained build operations Thread 89" [_thread_blocked, id=57844, stack(0x00000016b4f00000,0x00000016b5000000)]
  0x0000018fe3c573e0 JavaThread "Unconstrained build operations Thread 90" [_thread_blocked, id=50556, stack(0x00000016b5000000,0x00000016b5100000)]
  0x0000018fe33c9b20 JavaThread "Unconstrained build operations Thread 91" [_thread_blocked, id=20984, stack(0x00000016b5100000,0x00000016b5200000)]
  0x0000018fe33cc1a0 JavaThread "Unconstrained build operations Thread 92" [_thread_blocked, id=50360, stack(0x00000016b5200000,0x00000016b5300000)]
  0x0000018fe33ccb40 JavaThread "Unconstrained build operations Thread 93" [_thread_blocked, id=17912, stack(0x00000016b5300000,0x00000016b5400000)]
  0x0000018fe33c9ff0 JavaThread "Unconstrained build operations Thread 94" [_thread_blocked, id=55624, stack(0x00000016b5400000,0x00000016b5500000)]
  0x0000018fe33cd9b0 JavaThread "Unconstrained build operations Thread 95" [_thread_blocked, id=54756, stack(0x00000016b5500000,0x00000016b5600000)]
  0x0000018fe33cb330 JavaThread "Unconstrained build operations Thread 96" [_thread_blocked, id=17224, stack(0x00000016b5600000,0x00000016b5700000)]
  0x0000018fe33cecf0 JavaThread "Unconstrained build operations Thread 97" [_thread_blocked, id=24124, stack(0x00000016b5700000,0x00000016b5800000)]
  0x0000018fe33ce820 JavaThread "Unconstrained build operations Thread 98" [_thread_blocked, id=58024, stack(0x00000016b5800000,0x00000016b5900000)]
  0x0000018fe33cae60 JavaThread "Unconstrained build operations Thread 99" [_thread_blocked, id=54060, stack(0x00000016b5900000,0x00000016b5a00000)]
  0x0000018fe33c7e40 JavaThread "Unconstrained build operations Thread 100" [_thread_blocked, id=31412, stack(0x00000016b5a00000,0x00000016b5b00000)]
  0x0000018fe33cc670 JavaThread "Unconstrained build operations Thread 101" [_thread_blocked, id=50840, stack(0x00000016b5b00000,0x00000016b5c00000)]
  0x0000018fe33c8310 JavaThread "Unconstrained build operations Thread 102" [_thread_blocked, id=57524, stack(0x00000016b5c00000,0x00000016b5d00000)]
  0x0000018fe33c87e0 JavaThread "Unconstrained build operations Thread 103" [_thread_blocked, id=48588, stack(0x00000016b5d00000,0x00000016b5e00000)]
  0x0000018fe33cde80 JavaThread "Unconstrained build operations Thread 104" [_thread_blocked, id=42660, stack(0x00000016b5e00000,0x00000016b5f00000)]
  0x0000018fe33cbcd0 JavaThread "Unconstrained build operations Thread 105" [_thread_blocked, id=45300, stack(0x00000016b5f00000,0x00000016b6000000)]
  0x0000018fe33cd010 JavaThread "Unconstrained build operations Thread 106" [_thread_blocked, id=48780, stack(0x00000016b6000000,0x00000016b6100000)]
  0x0000018fe33c8cb0 JavaThread "Unconstrained build operations Thread 107" [_thread_blocked, id=46536, stack(0x00000016b6100000,0x00000016b6200000)]
  0x0000018fe33ca4c0 JavaThread "Unconstrained build operations Thread 108" [_thread_blocked, id=57736, stack(0x00000016b6200000,0x00000016b6300000)]
  0x0000018fe33ce350 JavaThread "Unconstrained build operations Thread 109" [_thread_blocked, id=50212, stack(0x00000016b6300000,0x00000016b6400000)]
  0x0000018fe33cb800 JavaThread "Unconstrained build operations Thread 110" [_thread_blocked, id=31688, stack(0x00000016b6400000,0x00000016b6500000)]
  0x0000018fe33c74a0 JavaThread "Unconstrained build operations Thread 111" [_thread_blocked, id=17192, stack(0x00000016b6500000,0x00000016b6600000)]
  0x0000018fe33cd4e0 JavaThread "Unconstrained build operations Thread 112" [_thread_blocked, id=56308, stack(0x00000016b6600000,0x00000016b6700000)]
  0x0000018fe33c7970 JavaThread "Unconstrained build operations Thread 113" [_thread_blocked, id=50604, stack(0x00000016b6700000,0x00000016b6800000)]
  0x0000018fe33c9180 JavaThread "Unconstrained build operations Thread 114" [_thread_blocked, id=56768, stack(0x00000016b6800000,0x00000016b6900000)]
  0x0000018fe33c9650 JavaThread "Unconstrained build operations Thread 115" [_thread_blocked, id=53664, stack(0x00000016b6900000,0x00000016b6a00000)]
  0x0000018fe33ca990 JavaThread "Unconstrained build operations Thread 116" [_thread_blocked, id=39980, stack(0x00000016b6a00000,0x00000016b6b00000)]
  0x0000018fe3daf510 JavaThread "Unconstrained build operations Thread 117" [_thread_blocked, id=56340, stack(0x00000016b6b00000,0x00000016b6c00000)]
  0x0000018fe3dad360 JavaThread "Unconstrained build operations Thread 118" [_thread_blocked, id=50080, stack(0x00000016b6c00000,0x00000016b6d00000)]
  0x0000018fe3dac9c0 JavaThread "Unconstrained build operations Thread 119" [_thread_blocked, id=51092, stack(0x00000016b6d00000,0x00000016b6e00000)]
  0x0000018fe3daeb70 JavaThread "Unconstrained build operations Thread 120" [_thread_blocked, id=27132, stack(0x00000016b6e00000,0x00000016b6f00000)]
  0x0000018fe3dad830 JavaThread "jar transforms Thread 6" [_thread_blocked, id=50560, stack(0x00000016b6f00000,0x00000016b7000000)]
  0x0000018fe3dadd00 JavaThread "jar transforms Thread 7" [_thread_blocked, id=38020, stack(0x00000016b7000000,0x00000016b7100000)]
  0x0000018fe3dae6a0 JavaThread "jar transforms Thread 8" [_thread_blocked, id=49128, stack(0x00000016b7100000,0x00000016b7200000)]
  0x0000018fe3daa810 JavaThread "jar transforms Thread 9" [_thread_blocked, id=50184, stack(0x00000016b7200000,0x00000016b7300000)]
  0x0000018fe3daace0 JavaThread "jar transforms Thread 10" [_thread_blocked, id=46440, stack(0x00000016b7300000,0x00000016b7400000)]
  0x0000018fe3db0d20 JavaThread "jar transforms Thread 11" [_thread_blocked, id=58020, stack(0x00000016b7400000,0x00000016b7500000)]
  0x0000018fe3dac4f0 JavaThread "jar transforms Thread 12" [_thread_blocked, id=55556, stack(0x00000016b7500000,0x00000016b7600000)]
  0x0000018fe3daa340 JavaThread "Memory manager" [_thread_blocked, id=51736, stack(0x00000016acf00000,0x00000016ad000000)]
  0x0000018fe3db0380 JavaThread "Cache worker for kotlin-dsl (C:\Users\ifnaa_iyjrs70\.gradle\caches\7.5\kotlin-dsl)" [_thread_blocked, id=32688, stack(0x00000016b7600000,0x00000016b7700000)]
  0x0000018fe4fcaec0 JavaThread "C2 CompilerThread1" daemon [_thread_blocked, id=48872, stack(0x00000016b7700000,0x00000016b7800000)]

Other Threads:
  0x0000018fde0a3010 VMThread "VM Thread" [stack: 0x00000016ac200000,0x00000016ac300000] [id=51332]
  0x0000018fbe1bb360 WatcherThread [stack: 0x00000016ace00000,0x00000016acf00000] [id=57748]
  0x0000018fbe18dcf0 GCTaskThread "GC Thread#0" [stack: 0x00000016abd00000,0x00000016abe00000] [id=29252]
  0x0000018fdfd3c200 GCTaskThread "GC Thread#1" [stack: 0x00000016ad000000,0x00000016ad100000] [id=49024]
  0x0000018fe00c7130 GCTaskThread "GC Thread#2" [stack: 0x00000016ad100000,0x00000016ad200000] [id=47496]
  0x0000018fe00bbac0 GCTaskThread "GC Thread#3" [stack: 0x00000016ad200000,0x00000016ad300000] [id=54064]
  0x0000018fdeecbfb0 GCTaskThread "GC Thread#4" [stack: 0x00000016ad300000,0x00000016ad400000] [id=27972]
  0x0000018fdff907f0 GCTaskThread "GC Thread#5" [stack: 0x00000016ad500000,0x00000016ad600000] [id=56972]
  0x0000018fdf174990 GCTaskThread "GC Thread#6" [stack: 0x00000016ad600000,0x00000016ad700000] [id=52216]
  0x0000018fe15d97a0 GCTaskThread "GC Thread#7" [stack: 0x00000016ad700000,0x00000016ad800000] [id=31568]
  0x0000018fe1306e00 GCTaskThread "GC Thread#8" [stack: 0x00000016ae300000,0x00000016ae400000] [id=50168]
  0x0000018fe1c514e0 GCTaskThread "GC Thread#9" [stack: 0x00000016ae400000,0x00000016ae500000] [id=22308]
  0x0000018fbe197ad0 ConcurrentGCThread "G1 Main Marker" [stack: 0x00000016abe00000,0x00000016abf00000] [id=52440]
  0x0000018fbe198380 ConcurrentGCThread "G1 Conc#0" [stack: 0x00000016abf00000,0x00000016ac000000] [id=47596]
  0x0000018fe150e4b0 ConcurrentGCThread "G1 Conc#1" [stack: 0x00000016ae500000,0x00000016ae600000] [id=58304]
  0x0000018fe127aca0 ConcurrentGCThread "G1 Conc#2" [stack: 0x00000016ae600000,0x00000016ae700000] [id=50136]
  0x0000018fbe1d0e40 ConcurrentGCThread "G1 Refine#0" [stack: 0x00000016ac000000,0x00000016ac100000] [id=48956]
  0x0000018fbe1d1700 ConcurrentGCThread "G1 Service" [stack: 0x00000016ac100000,0x00000016ac200000] [id=53464]

Threads with active compile tasks:
C2 CompilerThread0    26273 11561       4       org.gradle.internal.reflect.ClassInspector::inspectClass (179 bytes)

VM state: not at safepoint (normal execution)

VM Mutex/Monitor currently owned by a thread: None

Heap address: 0x00000006e0000000, size: 4608 MB, Compressed Oops mode: Zero based, Oop shift amount: 3

CDS archive(s) not mapped
Compressed class space mapped at: 0x0000000800000000-0x0000000840000000, reserved size: 1073741824
Narrow klass base: 0x0000000800000000, Narrow klass shift: 0, Narrow klass range: 0x40000000

GC Precious Log:
 CPUs: 12 total, 12 available
 Memory: 6005M
 Large Page Support: Disabled
 NUMA Support: Disabled
 Compressed Oops: Enabled (Zero based)
 Heap Region Size: 4M
 Heap Min Capacity: 8M
 Heap Initial Capacity: 96M
 Heap Max Capacity: 4608M
 Pre-touch: Disabled
 Parallel Workers: 10
 Concurrent Workers: 3
 Concurrent Refinement Workers: 10
 Periodic GC: Disabled

Heap:
 garbage-first heap   total 221184K, used 128331K [0x00000006e0000000, 0x0000000800000000)
  region size 4096K, 3 young (12288K), 2 survivors (8192K)
 Metaspace       used 91515K, committed 92544K, reserved 1130496K
  class space    used 12497K, committed 12928K, reserved 1048576K

Heap Regions: E=young(eden), S=young(survivor), O=old, HS=humongous(starts), HC=humongous(continues), CS=collection set, F=free, OA=open archive, CA=closed archive, TAMS=top-at-mark-start (previous, next)
|   0|0x00000006e0000000, 0x00000006e0400000, 0x00000006e0400000|100%| O|  |TAMS 0x00000006e0400000, 0x00000006e0000000| Untracked 
|   1|0x00000006e0400000, 0x00000006e0800000, 0x00000006e0800000|100%|HS|  |TAMS 0x00000006e0800000, 0x00000006e0400000| Complete 
|   2|0x00000006e0800000, 0x00000006e0c00000, 0x00000006e0c00000|100%| O|  |TAMS 0x00000006e0c00000, 0x00000006e0800000| Untracked 
|   3|0x00000006e0c00000, 0x00000006e0f90800, 0x00000006e1000000| 89%| O|  |TAMS 0x00000006e0f90800, 0x00000006e0c00000| Untracked 
|   4|0x00000006e1000000, 0x00000006e1400000, 0x00000006e1400000|100%| O|  |TAMS 0x00000006e1400000, 0x00000006e1000000| Untracked 
|   5|0x00000006e1400000, 0x00000006e1800000, 0x00000006e1800000|100%| O|  |TAMS 0x00000006e1800000, 0x00000006e1400000| Untracked 
|   6|0x00000006e1800000, 0x00000006e1c00000, 0x00000006e1c00000|100%| O|  |TAMS 0x00000006e1c00000, 0x00000006e1800000| Untracked 
|   7|0x00000006e1c00000, 0x00000006e2000000, 0x00000006e2000000|100%| O|  |TAMS 0x00000006e2000000, 0x00000006e1c00000| Untracked 
|   8|0x00000006e2000000, 0x00000006e2400000, 0x00000006e2400000|100%| O|  |TAMS 0x00000006e2400000, 0x00000006e2000000| Untracked 
|   9|0x00000006e2400000, 0x00000006e2800000, 0x00000006e2800000|100%| O|  |TAMS 0x00000006e2800000, 0x00000006e2400000| Untracked 
|  10|0x00000006e2800000, 0x00000006e2c00000, 0x00000006e2c00000|100%|HS|  |TAMS 0x00000006e2c00000, 0x00000006e2800000| Complete 
|  11|0x00000006e2c00000, 0x00000006e3000000, 0x00000006e3000000|100%| O|  |TAMS 0x00000006e3000000, 0x00000006e2c00000| Untracked 
|  12|0x00000006e3000000, 0x00000006e3400000, 0x00000006e3400000|100%| O|  |TAMS 0x00000006e3400000, 0x00000006e3000000| Untracked 
|  13|0x00000006e3400000, 0x00000006e3800000, 0x00000006e3800000|100%| O|  |TAMS 0x00000006e3800000, 0x00000006e3400000| Untracked 
|  14|0x00000006e3800000, 0x00000006e3c00000, 0x00000006e3c00000|100%| O|  |TAMS 0x00000006e3c00000, 0x00000006e3800000| Untracked 
|  15|0x00000006e3c00000, 0x00000006e4000000, 0x00000006e4000000|100%| O|  |TAMS 0x00000006e4000000, 0x00000006e3c00000| Untracked 
|  16|0x00000006e4000000, 0x00000006e4400000, 0x00000006e4400000|100%| O|  |TAMS 0x00000006e4400000, 0x00000006e4000000| Untracked 
|  17|0x00000006e4400000, 0x00000006e4800000, 0x00000006e4800000|100%| O|  |TAMS 0x00000006e4800000, 0x00000006e4400000| Untracked 
|  18|0x00000006e4800000, 0x00000006e4c00000, 0x00000006e4c00000|100%| O|  |TAMS 0x00000006e4c00000, 0x00000006e4800000| Untracked 
|  19|0x00000006e4c00000, 0x00000006e5000000, 0x00000006e5000000|100%| O|  |TAMS 0x00000006e5000000, 0x00000006e4c00000| Untracked 
|  20|0x00000006e5000000, 0x00000006e5400000, 0x00000006e5400000|100%| O|  |TAMS 0x00000006e5400000, 0x00000006e5000000| Untracked 
|  21|0x00000006e5400000, 0x00000006e5800000, 0x00000006e5800000|100%| O|  |TAMS 0x00000006e5800000, 0x00000006e5400000| Untracked 
|  22|0x00000006e5800000, 0x00000006e5c00000, 0x00000006e5c00000|100%| O|  |TAMS 0x00000006e5c00000, 0x00000006e5800000| Untracked 
|  23|0x00000006e5c00000, 0x00000006e6000000, 0x00000006e6000000|100%| O|  |TAMS 0x00000006e6000000, 0x00000006e5c00000| Untracked 
|  24|0x00000006e6000000, 0x00000006e6400000, 0x00000006e6400000|100%| O|  |TAMS 0x00000006e6400000, 0x00000006e6000000| Untracked 
|  25|0x00000006e6400000, 0x00000006e6800000, 0x00000006e6800000|100%| O|  |TAMS 0x00000006e6800000, 0x00000006e6400000| Untracked 
|  26|0x00000006e6800000, 0x00000006e6c00000, 0x00000006e6c00000|100%| O|  |TAMS 0x00000006e6c00000, 0x00000006e6800000| Untracked 
|  27|0x00000006e6c00000, 0x00000006e7000000, 0x00000006e7000000|100%| O|  |TAMS 0x00000006e7000000, 0x00000006e6c00000| Untracked 
|  28|0x00000006e7000000, 0x00000006e7400000, 0x00000006e7400000|100%| O|  |TAMS 0x00000006e71ca000, 0x00000006e7000000| Untracked 
|  29|0x00000006e7400000, 0x00000006e7663800, 0x00000006e7800000| 59%| O|  |TAMS 0x00000006e7400000, 0x00000006e7400000| Untracked 
|  30|0x00000006e7800000, 0x00000006e7800000, 0x00000006e7c00000|  0%| F|  |TAMS 0x00000006e7800000, 0x00000006e7800000| Untracked 
|  31|0x00000006e7c00000, 0x00000006e7c00000, 0x00000006e8000000|  0%| F|  |TAMS 0x00000006e7c00000, 0x00000006e7c00000| Untracked 
|  32|0x00000006e8000000, 0x00000006e8000000, 0x00000006e8400000|  0%| F|  |TAMS 0x00000006e8000000, 0x00000006e8000000| Untracked 
|  33|0x00000006e8400000, 0x00000006e8400000, 0x00000006e8800000|  0%| F|  |TAMS 0x00000006e8400000, 0x00000006e8400000| Untracked 
|  34|0x00000006e8800000, 0x00000006e8800000, 0x00000006e8c00000|  0%| F|  |TAMS 0x00000006e8800000, 0x00000006e8800000| Untracked 
|  35|0x00000006e8c00000, 0x00000006e8c00000, 0x00000006e9000000|  0%| F|  |TAMS 0x00000006e8c00000, 0x00000006e8c00000| Untracked 
|  36|0x00000006e9000000, 0x00000006e9000000, 0x00000006e9400000|  0%| F|  |TAMS 0x00000006e9000000, 0x00000006e9000000| Untracked 
|  37|0x00000006e9400000, 0x00000006e9400000, 0x00000006e9800000|  0%| F|  |TAMS 0x00000006e9400000, 0x00000006e9400000| Untracked 
|  38|0x00000006e9800000, 0x00000006e9800000, 0x00000006e9c00000|  0%| F|  |TAMS 0x00000006e9800000, 0x00000006e9800000| Untracked 
|  39|0x00000006e9c00000, 0x00000006e9c00000, 0x00000006ea000000|  0%| F|  |TAMS 0x00000006e9c00000, 0x00000006e9c00000| Untracked 
|  40|0x00000006ea000000, 0x00000006ea000000, 0x00000006ea400000|  0%| F|  |TAMS 0x00000006ea000000, 0x00000006ea000000| Untracked 
|  41|0x00000006ea400000, 0x00000006ea400000, 0x00000006ea800000|  0%| F|  |TAMS 0x00000006ea400000, 0x00000006ea400000| Untracked 
|  42|0x00000006ea800000, 0x00000006ea800000, 0x00000006eac00000|  0%| F|  |TAMS 0x00000006ea800000, 0x00000006ea800000| Untracked 
|  43|0x00000006eac00000, 0x00000006eac00000, 0x00000006eb000000|  0%| F|  |TAMS 0x00000006eac00000, 0x00000006eac00000| Untracked 
|  44|0x00000006eb000000, 0x00000006eb35ec50, 0x00000006eb400000| 84%| S|CS|TAMS 0x00000006eb000000, 0x00000006eb000000| Complete 
|  45|0x00000006eb400000, 0x00000006eb800000, 0x00000006eb800000|100%| S|CS|TAMS 0x00000006eb400000, 0x00000006eb400000| Complete 
|  46|0x00000006eb800000, 0x00000006eb800000, 0x00000006ebc00000|  0%| F|  |TAMS 0x00000006eb800000, 0x00000006eb800000| Untracked 
|  47|0x00000006ebc00000, 0x00000006ebc00000, 0x00000006ec000000|  0%| F|  |TAMS 0x00000006ebc00000, 0x00000006ebc00000| Untracked 
|  48|0x00000006ec000000, 0x00000006ec000000, 0x00000006ec400000|  0%| F|  |TAMS 0x00000006ec000000, 0x00000006ec000000| Untracked 
|  49|0x00000006ec400000, 0x00000006ec400000, 0x00000006ec800000|  0%| F|  |TAMS 0x00000006ec400000, 0x00000006ec400000| Untracked 
|  50|0x00000006ec800000, 0x00000006ec800000, 0x00000006ecc00000|  0%| F|  |TAMS 0x00000006ec800000, 0x00000006ec800000| Untracked 
|  51|0x00000006ecc00000, 0x00000006ecc00000, 0x00000006ed000000|  0%| F|  |TAMS 0x00000006ecc00000, 0x00000006ecc00000| Untracked 
|  52|0x00000006ed000000, 0x00000006ed000000, 0x00000006ed400000|  0%| F|  |TAMS 0x00000006ed000000, 0x00000006ed000000| Untracked 
|  53|0x00000006ed400000, 0x00000006ed6250e8, 0x00000006ed800000| 53%| E|  |TAMS 0x00000006ed400000, 0x00000006ed400000| Complete 

Card table byte_map: [0x0000018fd1430000,0x0000018fd1d30000] _byte_map_base: 0x0000018fcdd30000

Marking Bits (Prev, Next): (CMBitMap*) 0x0000018fbe18e1e0, (CMBitMap*) 0x0000018fbe18e1a0
 Prev Bits: [0x0000018fd6e30000, 0x0000018fdb630000)
 Next Bits: [0x0000018fd2630000, 0x0000018fd6e30000)

Polling page: 0x0000018fbc050000

Metaspace:

Usage:
  Non-class:     77.17 MB used.
      Class:     12.20 MB used.
       Both:     89.37 MB used.

Virtual space:
  Non-class space:       80.00 MB reserved,      77.75 MB ( 97%) committed,  10 nodes.
      Class space:        1.00 GB reserved,      12.62 MB (  1%) committed,  1 nodes.
             Both:        1.08 GB reserved,      90.38 MB (  8%) committed. 

Chunk freelists:
   Non-Class:  1.47 MB
       Class:  3.38 MB
        Both:  4.85 MB

MaxMetaspaceSize: unlimited
CompressedClassSpaceSize: 1.00 GB
Initial GC threshold: 21.00 MB
Current GC threshold: 144.69 MB
CDS: off
MetaspaceReclaimPolicy: balanced
 - commit_granule_bytes: 65536.
 - commit_granule_words: 8192.
 - virtual_space_node_default_size: 1048576.
 - enlarge_chunks_in_place: 1.
 - new_chunks_are_fully_committed: 0.
 - uncommit_free_chunks: 1.
 - use_allocation_guard: 0.
 - handle_deallocations: 1.


Internal statistics:

num_allocs_failed_limit: 8.
num_arena_births: 1198.
num_arena_deaths: 0.
num_vsnodes_births: 11.
num_vsnodes_deaths: 0.
num_space_committed: 1446.
num_space_uncommitted: 0.
num_chunks_returned_to_freelist: 8.
num_chunks_taken_from_freelist: 4727.
num_chunk_merges: 3.
num_chunk_splits: 3022.
num_chunks_enlarged: 1890.
num_purges: 0.
num_inconsistent_stats: 0.

CodeHeap 'non-profiled nmethods': size=120000Kb used=5637Kb max_used=5637Kb free=114362Kb
 bounds [0x0000018fc90b0000, 0x0000018fc9640000, 0x0000018fd05e0000]
CodeHeap 'profiled nmethods': size=120000Kb used=20438Kb max_used=20438Kb free=99561Kb
 bounds [0x0000018fc15e0000, 0x0000018fc29e0000, 0x0000018fc8b10000]
CodeHeap 'non-nmethods': size=5760Kb used=2382Kb max_used=2437Kb free=3377Kb
 bounds [0x0000018fc8b10000, 0x0000018fc8d90000, 0x0000018fc90b0000]
 total_blobs=11698 nmethods=10785 adapters=824
 compilation: enabled
              stopped_count=0, restarted_count=0
 full_count=0

Compilation events (20 events):
Event: 24.835 Thread 0x0000018fdec4ed20 11575       3       java.util.HashMap$TreeNode::<init> (10 bytes)
Event: 24.835 Thread 0x0000018fdec4ed20 nmethod 11575 0x0000018fc2995810 code [0x0000018fc29959a0, 0x0000018fc2995ae8]
Event: 24.837 Thread 0x0000018fdec4ed20 11579       3       org.gradle.model.internal.asm.AsmClassGeneratorUtils::visitParameters (47 bytes)
Event: 24.837 Thread 0x0000018fdec4ed20 nmethod 11579 0x0000018fc2995b90 code [0x0000018fc2995d60, 0x0000018fc29960a8]
Event: 24.837 Thread 0x0000018fdec4ed20 11578       3       org.gradle.model.internal.asm.AsmClassGeneratorUtils::visitFormalTypeParameters (108 bytes)
Event: 24.838 Thread 0x0000018fdec4ed20 nmethod 11578 0x0000018fc2996290 code [0x0000018fc29964c0, 0x0000018fc2996be8]
Event: 24.840 Thread 0x0000018fdec4ed20 11580       3       java.util.LinkedHashMap::transferLinks (58 bytes)
Event: 24.841 Thread 0x0000018fdec4ed20 nmethod 11580 0x0000018fc2996f90 code [0x0000018fc2997160, 0x0000018fc29975b8]
Event: 24.841 Thread 0x0000018fdec4ed20 11581       3       java.util.LinkedHashMap::replacementTreeNode (37 bytes)
Event: 24.841 Thread 0x0000018fdec4ed20 nmethod 11581 0x0000018fc2997710 code [0x0000018fc29978c0, 0x0000018fc2997bd8]
Event: 24.844 Thread 0x0000018fdec4ed20 11582       3       java.lang.reflect.Constructor::getDeclaredAnnotations (5 bytes)
Event: 24.845 Thread 0x0000018fdec4ed20 nmethod 11582 0x0000018fc2997d10 code [0x0000018fc2997f00, 0x0000018fc29983a8]
Event: 24.847 Thread 0x0000018fdec4ed20 11583       3       org.gradle.api.internal.artifacts.configurations.DefaultConfigurationPublications_Decorated::getCapabilities (39 bytes)
Event: 24.847 Thread 0x0000018fdec4ed20 nmethod 11583 0x0000018fc2998510 code [0x0000018fc2998720, 0x0000018fc2998d58]
Event: 24.847 Thread 0x0000018fdec4ed20 11584       3       org.gradle.api.internal.artifacts.configurations.DefaultConfigurationPublications::getCapabilities (21 bytes)
Event: 24.847 Thread 0x0000018fdec4ed20 nmethod 11584 0x0000018fc2998f90 code [0x0000018fc2999140, 0x0000018fc2999348]
Event: 24.847 Thread 0x0000018fdec4ed20 11586       1       org.gradle.api.internal.artifacts.ivyservice.resolutionstrategy.DefaultResolutionStrategy::isDependencyLockingEnabled (5 bytes)
Event: 24.847 Thread 0x0000018fdec4ed20 nmethod 11586 0x0000018fc9617b10 code [0x0000018fc9617ca0, 0x0000018fc9617d78]
Event: 24.847 Thread 0x0000018fdec4ed20 11587       3       org.gradle.api.internal.artifacts.configurations.DefaultConfiguration$$Lambda$1012/0x0000000800bee3b8::test (13 bytes)
Event: 24.848 Thread 0x0000018fdec4ed20 nmethod 11587 0x0000018fc2999410 code [0x0000018fc29995c0, 0x0000018fc29999c8]

GC Heap History (20 events):
Event: 15.890 GC heap before
{Heap before GC invocations=38 (full 0):
 garbage-first heap   total 139264K, used 99524K [0x00000006e0000000, 0x0000000800000000)
  region size 4096K, 9 young (36864K), 2 survivors (8192K)
 Metaspace       used 77365K, committed 78016K, reserved 1122304K
  class space    used 10475K, committed 10752K, reserved 1048576K
}
Event: 15.895 GC heap after
{Heap after GC invocations=39 (full 0):
 garbage-first heap   total 139264K, used 72826K [0x00000006e0000000, 0x0000000800000000)
  region size 4096K, 1 young (4096K), 1 survivors (4096K)
 Metaspace       used 77365K, committed 78016K, reserved 1122304K
  class space    used 10475K, committed 10752K, reserved 1048576K
}
Event: 16.304 GC heap before
{Heap before GC invocations=39 (full 0):
 garbage-first heap   total 139264K, used 109690K [0x00000006e0000000, 0x0000000800000000)
  region size 4096K, 10 young (40960K), 1 survivors (4096K)
 Metaspace       used 78976K, committed 79744K, reserved 1122304K
  class space    used 10734K, committed 11072K, reserved 1048576K
}
Event: 16.309 GC heap after
{Heap after GC invocations=40 (full 0):
 garbage-first heap   total 139264K, used 76775K [0x00000006e0000000, 0x0000000800000000)
  region size 4096K, 2 young (8192K), 2 survivors (8192K)
 Metaspace       used 78976K, committed 79744K, reserved 1122304K
  class space    used 10734K, committed 11072K, reserved 1048576K
}
Event: 16.858 GC heap before
{Heap before GC invocations=41 (full 0):
 garbage-first heap   total 143360K, used 109543K [0x00000006e0000000, 0x0000000800000000)
  region size 4096K, 10 young (40960K), 2 survivors (8192K)
 Metaspace       used 80372K, committed 81152K, reserved 1122304K
  class space    used 10933K, committed 11264K, reserved 1048576K
}
Event: 16.866 GC heap after
{Heap after GC invocations=42 (full 0):
 garbage-first heap   total 143360K, used 80330K [0x00000006e0000000, 0x0000000800000000)
  region size 4096K, 1 young (4096K), 1 survivors (4096K)
 Metaspace       used 80372K, committed 81152K, reserved 1122304K
  class space    used 10933K, committed 11264K, reserved 1048576K
}
Event: 17.394 GC heap before
{Heap before GC invocations=42 (full 0):
 garbage-first heap   total 143360K, used 113098K [0x00000006e0000000, 0x0000000800000000)
  region size 4096K, 9 young (36864K), 1 survivors (4096K)
 Metaspace       used 81285K, committed 82112K, reserved 1122304K
  class space    used 11057K, committed 11392K, reserved 1048576K
}
Event: 17.400 GC heap after
{Heap after GC invocations=43 (full 0):
 garbage-first heap   total 172032K, used 87385K [0x00000006e0000000, 0x0000000800000000)
  region size 4096K, 2 young (8192K), 2 survivors (8192K)
 Metaspace       used 81285K, committed 82112K, reserved 1122304K
  class space    used 11057K, committed 11392K, reserved 1048576K
}
Event: 18.269 GC heap before
{Heap before GC invocations=44 (full 0):
 garbage-first heap   total 172032K, used 132441K [0x00000006e0000000, 0x0000000800000000)
  region size 4096K, 13 young (53248K), 2 survivors (8192K)
 Metaspace       used 82496K, committed 83392K, reserved 1122304K
  class space    used 11235K, committed 11648K, reserved 1048576K
}
Event: 18.276 GC heap after
{Heap after GC invocations=45 (full 0):
 garbage-first heap   total 172032K, used 94357K [0x00000006e0000000, 0x0000000800000000)
  region size 4096K, 2 young (8192K), 2 survivors (8192K)
 Metaspace       used 82496K, committed 83392K, reserved 1122304K
  class space    used 11235K, committed 11648K, reserved 1048576K
}
Event: 18.891 GC heap before
{Heap before GC invocations=45 (full 0):
 garbage-first heap   total 172032K, used 127125K [0x00000006e0000000, 0x0000000800000000)
  region size 4096K, 11 young (45056K), 2 survivors (8192K)
 Metaspace       used 82945K, committed 83904K, reserved 1122304K
  class space    used 11300K, committed 11712K, reserved 1048576K
}
Event: 18.900 GC heap after
{Heap after GC invocations=46 (full 0):
 garbage-first heap   total 172032K, used 105416K [0x00000006e0000000, 0x0000000800000000)
  region size 4096K, 2 young (8192K), 2 survivors (8192K)
 Metaspace       used 82945K, committed 83904K, reserved 1122304K
  class space    used 11300K, committed 11712K, reserved 1048576K
}
Event: 19.365 GC heap before
{Heap before GC invocations=47 (full 0):
 garbage-first heap   total 184320K, used 129992K [0x00000006e0000000, 0x0000000800000000)
  region size 4096K, 8 young (32768K), 2 survivors (8192K)
 Metaspace       used 83180K, committed 84160K, reserved 1122304K
  class space    used 11329K, committed 11776K, reserved 1048576K
}
Event: 19.371 GC heap after
{Heap after GC invocations=48 (full 0):
 garbage-first heap   total 184320K, used 110931K [0x00000006e0000000, 0x0000000800000000)
  region size 4096K, 1 young (4096K), 1 survivors (4096K)
 Metaspace       used 83180K, committed 84160K, reserved 1122304K
  class space    used 11329K, committed 11776K, reserved 1048576K
}
Event: 19.835 GC heap before
{Heap before GC invocations=48 (full 0):
 garbage-first heap   total 184320K, used 135507K [0x00000006e0000000, 0x0000000800000000)
  region size 4096K, 8 young (32768K), 1 survivors (4096K)
 Metaspace       used 83492K, committed 84480K, reserved 1122304K
  class space    used 11369K, committed 11776K, reserved 1048576K
}
Event: 19.840 GC heap after
{Heap after GC invocations=49 (full 0):
 garbage-first heap   total 184320K, used 115521K [0x00000006e0000000, 0x0000000800000000)
  region size 4096K, 1 young (4096K), 1 survivors (4096K)
 Metaspace       used 83492K, committed 84480K, reserved 1122304K
  class space    used 11369K, committed 11776K, reserved 1048576K
}
Event: 20.355 GC heap before
{Heap before GC invocations=50 (full 0):
 garbage-first heap   total 204800K, used 140097K [0x00000006e0000000, 0x0000000800000000)
  region size 4096K, 7 young (28672K), 1 survivors (4096K)
 Metaspace       used 84355K, committed 85376K, reserved 1130496K
  class space    used 11496K, committed 11904K, reserved 1048576K
}
Event: 20.361 GC heap after
{Heap after GC invocations=51 (full 0):
 garbage-first heap   total 204800K, used 120170K [0x00000006e0000000, 0x0000000800000000)
  region size 4096K, 1 young (4096K), 1 survivors (4096K)
 Metaspace       used 84355K, committed 85376K, reserved 1130496K
  class space    used 11496K, committed 11904K, reserved 1048576K
}
Event: 21.034 GC heap before
{Heap before GC invocations=51 (full 0):
 garbage-first heap   total 204800K, used 157034K [0x00000006e0000000, 0x0000000800000000)
  region size 4096K, 10 young (40960K), 1 survivors (4096K)
 Metaspace       used 87647K, committed 88640K, reserved 1130496K
  class space    used 12015K, committed 12416K, reserved 1048576K
}
Event: 21.041 GC heap after
{Heap after GC invocations=52 (full 0):
 garbage-first heap   total 204800K, used 124800K [0x00000006e0000000, 0x0000000800000000)
  region size 4096K, 2 young (8192K), 2 survivors (8192K)
 Metaspace       used 87647K, committed 88640K, reserved 1130496K
  class space    used 12015K, committed 12416K, reserved 1048576K
}

Dll operation events (2 events):
Event: 0.013 Loaded shared library C:\Program Files\Android\Android Studio\jbr\bin\java.dll
Event: 0.627 Loaded shared library C:\Program Files\Android\Android Studio\jbr\bin\verify.dll

Deoptimization events (20 events):
Event: 22.783 Thread 0x0000018fdf9a80a0 Uncommon trap: trap_request=0xffffffbe fr.pc=0x0000018fc95f35dc relative=0x000000000000033c
Event: 22.783 Thread 0x0000018fdf9a80a0 Uncommon trap: reason=profile_predicate action=maybe_recompile pc=0x0000018fc95f35dc method=java.util.regex.Pattern$Slice.match(Ljava/util/regex/Matcher;ILjava/lang/CharSequence;)Z @ 18 c2
Event: 22.783 Thread 0x0000018fdf9a80a0 DEOPT PACKING pc=0x0000018fc95f35dc sp=0x00000016addf8860
Event: 22.783 Thread 0x0000018fdf9a80a0 DEOPT UNPACKING pc=0x0000018fc8b669a3 sp=0x00000016addf87d0 mode 2
Event: 22.891 Thread 0x0000018fdf9a80a0 Uncommon trap: trap_request=0xffffffc6 fr.pc=0x0000018fc95ce81c relative=0x000000000000007c
Event: 22.891 Thread 0x0000018fdf9a80a0 Uncommon trap: reason=bimorphic_or_optimized_type_check action=maybe_recompile pc=0x0000018fc95ce81c method=org.gradle.api.internal.DefaultDomainObjectCollection.getMutationGuard()Lorg/gradle/api/internal/MutationGuard; @ 4 c2
Event: 22.891 Thread 0x0000018fdf9a80a0 DEOPT PACKING pc=0x0000018fc95ce81c sp=0x00000016addf9c90
Event: 22.891 Thread 0x0000018fdf9a80a0 DEOPT UNPACKING pc=0x0000018fc8b669a3 sp=0x00000016addf9c18 mode 2
Event: 22.891 Thread 0x0000018fdf9a80a0 Uncommon trap: trap_request=0xffffffc6 fr.pc=0x0000018fc95ce81c relative=0x000000000000007c
Event: 22.891 Thread 0x0000018fdf9a80a0 Uncommon trap: reason=bimorphic_or_optimized_type_check action=maybe_recompile pc=0x0000018fc95ce81c method=org.gradle.api.internal.DefaultDomainObjectCollection.getMutationGuard()Lorg/gradle/api/internal/MutationGuard; @ 4 c2
Event: 22.891 Thread 0x0000018fdf9a80a0 DEOPT PACKING pc=0x0000018fc95ce81c sp=0x00000016addf9c90
Event: 22.891 Thread 0x0000018fdf9a80a0 DEOPT UNPACKING pc=0x0000018fc8b669a3 sp=0x00000016addf9c18 mode 2
Event: 24.508 Thread 0x0000018fdf9a80a0 Uncommon trap: trap_request=0xffffffc6 fr.pc=0x0000018fc95ce81c relative=0x000000000000007c
Event: 24.508 Thread 0x0000018fdf9a80a0 Uncommon trap: reason=bimorphic_or_optimized_type_check action=maybe_recompile pc=0x0000018fc95ce81c method=org.gradle.api.internal.DefaultDomainObjectCollection.getMutationGuard()Lorg/gradle/api/internal/MutationGuard; @ 4 c2
Event: 24.508 Thread 0x0000018fdf9a80a0 DEOPT PACKING pc=0x0000018fc95ce81c sp=0x00000016addf9b50
Event: 24.508 Thread 0x0000018fdf9a80a0 DEOPT UNPACKING pc=0x0000018fc8b669a3 sp=0x00000016addf9ad8 mode 2
Event: 24.508 Thread 0x0000018fdf9a80a0 Uncommon trap: trap_request=0xffffffc6 fr.pc=0x0000018fc95ce81c relative=0x000000000000007c
Event: 24.508 Thread 0x0000018fdf9a80a0 Uncommon trap: reason=bimorphic_or_optimized_type_check action=maybe_recompile pc=0x0000018fc95ce81c method=org.gradle.api.internal.DefaultDomainObjectCollection.getMutationGuard()Lorg/gradle/api/internal/MutationGuard; @ 4 c2
Event: 24.508 Thread 0x0000018fdf9a80a0 DEOPT PACKING pc=0x0000018fc95ce81c sp=0x00000016addf9c90
Event: 24.508 Thread 0x0000018fdf9a80a0 DEOPT UNPACKING pc=0x0000018fc8b669a3 sp=0x00000016addf9c18 mode 2

Classes unloaded (0 events):
No events

Classes redefined (0 events):
No events

Internal exceptions (20 events):
Event: 20.486 Thread 0x0000018fdf9a80a0 Exception <a 'java/lang/ClassNotFoundException'{0x00000006ebcf3370}: org/gradle/api/tasks/SourceTaskBeanInfo> (0x00000006ebcf3370) 
thrown [s\src\hotspot\share\classfile\systemDictionary.cpp, line 256]
Event: 20.486 Thread 0x0000018fdf9a80a0 Exception <a 'java/lang/ClassNotFoundException'{0x00000006ebcfe9b8}: org/gradle/api/tasks/SourceTaskCustomizer> (0x00000006ebcfe9b8) 
thrown [s\src\hotspot\share\classfile\systemDictionary.cpp, line 256]
Event: 20.488 Thread 0x0000018fdf9a80a0 Exception <a 'java/lang/ClassNotFoundException'{0x00000006ebd31358}: org/gradle/api/tasks/compile/AbstractCompileCustomizer> (0x00000006ebd31358) 
thrown [s\src\hotspot\share\classfile\systemDictionary.cpp, line 256]
Event: 20.489 Thread 0x0000018fdf9a80a0 Exception <a 'java/lang/ClassNotFoundException'{0x00000006ebd583d0}: org/gradle/api/tasks/compile/JavaCompileCustomizer> (0x00000006ebd583d0) 
thrown [s\src\hotspot\share\classfile\systemDictionary.cpp, line 256]
Event: 20.490 Thread 0x0000018fdf9a80a0 Exception <a 'java/lang/ClassNotFoundException'{0x00000006ebd82ac8}: org/gradle/api/tasks/compile/JavaCompile_DecoratedCustomizer> (0x00000006ebd82ac8) 
thrown [s\src\hotspot\share\classfile\systemDictionary.cpp, line 256]
Event: 20.495 Thread 0x0000018fdf9a80a0 Exception <a 'java/lang/ClassNotFoundException'{0x00000006ebe2e558}: org/gradle/api/tasks/compile/CompileOptions_DecoratedBeanInfo> (0x00000006ebe2e558) 
thrown [s\src\hotspot\share\classfile\systemDictionary.cpp, line 256]
Event: 20.495 Thread 0x0000018fdf9a80a0 Exception <a 'java/lang/ClassNotFoundException'{0x00000006ebe3c280}: org/gradle/api/tasks/compile/CompileOptionsBeanInfo> (0x00000006ebe3c280) 
thrown [s\src\hotspot\share\classfile\systemDictionary.cpp, line 256]
Event: 20.496 Thread 0x0000018fdf9a80a0 Exception <a 'java/lang/ClassNotFoundException'{0x00000006ebe49fa0}: org/gradle/api/tasks/compile/AbstractOptionsBeanInfo> (0x00000006ebe49fa0) 
thrown [s\src\hotspot\share\classfile\systemDictionary.cpp, line 256]
Event: 20.496 Thread 0x0000018fdf9a80a0 Exception <a 'java/lang/ClassNotFoundException'{0x00000006ebe57ca0}: org/gradle/api/tasks/compile/AbstractOptionsCustomizer> (0x00000006ebe57ca0) 
thrown [s\src\hotspot\share\classfile\systemDictionary.cpp, line 256]
Event: 20.497 Thread 0x0000018fdf9a80a0 Exception <a 'java/lang/ClassNotFoundException'{0x00000006ebe68250}: org/gradle/api/tasks/compile/CompileOptionsCustomizer> (0x00000006ebe68250) 
thrown [s\src\hotspot\share\classfile\systemDictionary.cpp, line 256]
Event: 20.499 Thread 0x0000018fdf9a80a0 Exception <a 'java/lang/ClassNotFoundException'{0x00000006ebeaba58}: org/gradle/api/tasks/compile/CompileOptions_DecoratedCustomizer> (0x00000006ebeaba58) 
thrown [s\src\hotspot\share\classfile\systemDictionary.cpp, line 256]
Event: 20.512 Thread 0x0000018fdf9a80a0 Exception <a 'java/lang/NoSuchMethodError'{0x00000006ebf9f5b0}: 'void java.lang.invoke.DirectMethodHandle$Holder.invokeInterface(java.lang.Object, java.lang.Object)'> (0x00000006ebf9f5b0) 
thrown [s\src\hotspot\share\interpreter\linkResolver.cpp, line 771]
Event: 20.537 Thread 0x0000018fdf9a80a0 Exception <a 'java/lang/NoSuchMethodError'{0x00000006eb8959e0}: 'java.lang.Object java.lang.invoke.DirectMethodHandle$Holder.invokeStatic(java.lang.Object, int, java.lang.Object)'> (0x00000006eb8959e0) 
thrown [s\src\hotspot\share\interpreter\linkResolver.cpp, line 771]
Event: 20.743 Thread 0x0000018fdf9a80a0 Exception <a 'sun/nio/fs/WindowsException'{0x00000006ea907ad8}> (0x00000006ea907ad8) 
thrown [s\src\hotspot\share\prims\jni.cpp, line 517]
Event: 20.888 Thread 0x0000018fdf9a80a0 Exception <a 'java/lang/NullPointerException'{0x00000006ea04aca8}> (0x00000006ea04aca8) 
thrown [s\src\hotspot\share\interpreter\linkResolver.cpp, line 1447]
Event: 21.102 Thread 0x0000018fdf9a80a0 Implicit null exception at 0x0000018fc9480459 to 0x0000018fc94824d4
Event: 22.421 Thread 0x0000018fdf9a80a0 Exception <a 'sun/nio/fs/WindowsException'{0x00000006ed22dbe8}> (0x00000006ed22dbe8) 
thrown [s\src\hotspot\share\prims\jni.cpp, line 517]
Event: 22.422 Thread 0x0000018fdf9a80a0 Exception <a 'sun/nio/fs/WindowsException'{0x00000006ed22efa8}> (0x00000006ed22efa8) 
thrown [s\src\hotspot\share\prims\jni.cpp, line 517]
Event: 22.422 Thread 0x0000018fdf9a80a0 Exception <a 'sun/nio/fs/WindowsException'{0x00000006ed2303a0}> (0x00000006ed2303a0) 
thrown [s\src\hotspot\share\prims\jni.cpp, line 517]
Event: 22.422 Thread 0x0000018fdf9a80a0 Exception <a 'sun/nio/fs/WindowsException'{0x00000006ed231798}> (0x00000006ed231798) 
thrown [s\src\hotspot\share\prims\jni.cpp, line 517]

VM Operations (20 events):
Event: 20.246 Executing VM operation: HandshakeAllThreads
Event: 20.246 Executing VM operation: HandshakeAllThreads done
Event: 20.355 Executing VM operation: G1CollectForAllocation
Event: 20.361 Executing VM operation: G1CollectForAllocation done
Event: 20.392 Executing VM operation: HandshakeAllThreads
Event: 20.392 Executing VM operation: HandshakeAllThreads done
Event: 21.034 Executing VM operation: G1CollectForAllocation
Event: 21.041 Executing VM operation: G1CollectForAllocation done
Event: 21.107 Executing VM operation: G1Concurrent
Event: 21.113 Executing VM operation: G1Concurrent done
Event: 21.140 Executing VM operation: G1Concurrent
Event: 21.140 Executing VM operation: G1Concurrent done
Event: 22.145 Executing VM operation: Cleanup
Event: 22.162 Executing VM operation: Cleanup done
Event: 22.564 Executing VM operation: HandshakeAllThreads
Event: 22.565 Executing VM operation: HandshakeAllThreads done
Event: 23.566 Executing VM operation: Cleanup
Event: 23.566 Executing VM operation: Cleanup done
Event: 24.575 Executing VM operation: Cleanup
Event: 24.575 Executing VM operation: Cleanup done

Events (20 events):
Event: 22.278 loading class org/xml/sax/helpers/AttributesImpl
Event: 22.279 loading class org/xml/sax/helpers/AttributesImpl done
Event: 22.279 loading class java/util/regex/Pattern$Behind
Event: 22.302 loading class java/util/regex/Pattern$Behind done
Event: 22.302 loading class java/util/regex/Pattern$Neg
Event: 22.320 loading class java/util/regex/Pattern$Neg done
Event: 22.331 loading class javax/xml/datatype/DatatypeConfigurationException
Event: 22.331 loading class javax/xml/datatype/DatatypeConfigurationException done
Event: 22.334 loading class com/sun/org/apache/xerces/internal/impl/io/MalformedByteSequenceException
Event: 22.355 loading class com/sun/org/apache/xerces/internal/impl/io/MalformedByteSequenceException done
Event: 22.423 loading class java/util/EnumMap$EntrySet
Event: 22.448 loading class java/util/EnumMap$EntrySet done
Event: 22.448 loading class java/util/EnumMap$EntryIterator
Event: 22.465 loading class java/util/EnumMap$EnumMapIterator
Event: 22.465 loading class java/util/EnumMap$EnumMapIterator done
Event: 22.465 loading class java/util/EnumMap$EntryIterator done
Event: 22.465 loading class java/util/EnumMap$EntryIterator$Entry
Event: 22.466 loading class java/util/EnumMap$EntryIterator$Entry done
Event: 24.715 loading class jdk/internal/access/foreign/MemorySegmentProxy
Event: 24.742 loading class jdk/internal/access/foreign/MemorySegmentProxy done


Dynamic libraries:
0x00007ff7c6500000 - 0x00007ff7c650a000 	C:\Program Files\Android\Android Studio\jbr\bin\java.exe
0x00007ff9fbd50000 - 0x00007ff9fbf64000 	C:\WINDOWS\SYSTEM32\ntdll.dll
0x00007ff9fae90000 - 0x00007ff9faf52000 	C:\WINDOWS\System32\KERNEL32.DLL
0x00007ff9f94f0000 - 0x00007ff9f9893000 	C:\WINDOWS\System32\KERNELBASE.dll
0x00007ff9f93d0000 - 0x00007ff9f94e1000 	C:\WINDOWS\System32\ucrtbase.dll
0x00007ff9ea9d0000 - 0x00007ff9ea9e7000 	C:\Program Files\Android\Android Studio\jbr\bin\jli.dll
0x00007ff9ea830000 - 0x00007ff9ea84b000 	C:\Program Files\Android\Android Studio\jbr\bin\VCRUNTIME140.dll
0x00007ff9f9ba0000 - 0x00007ff9f9d4b000 	C:\WINDOWS\System32\USER32.dll
0x00007ff9f9b00000 - 0x00007ff9f9b26000 	C:\WINDOWS\System32\win32u.dll
0x00007ff9f9d50000 - 0x00007ff9f9d79000 	C:\WINDOWS\System32\GDI32.dll
0x00007ff9ddb60000 - 0x00007ff9dddee000 	C:\WINDOWS\WinSxS\amd64_microsoft.windows.common-controls_6595b64144ccf1df_6.0.22621.1635_none_270f70857386168e\COMCTL32.dll
0x00007ff9f98a0000 - 0x00007ff9f99b9000 	C:\WINDOWS\System32\gdi32full.dll
0x00007ff9fa190000 - 0x00007ff9fa237000 	C:\WINDOWS\System32\msvcrt.dll
0x00007ff9f9330000 - 0x00007ff9f93ca000 	C:\WINDOWS\System32\msvcp_win.dll
0x00007ff9fa0e0000 - 0x00007ff9fa111000 	C:\WINDOWS\System32\IMM32.DLL
0x00007ff9eb1c0000 - 0x00007ff9eb1cc000 	C:\Program Files\Android\Android Studio\jbr\bin\vcruntime140_1.dll
0x00007ff9bc350000 - 0x00007ff9bc3dd000 	C:\Program Files\Android\Android Studio\jbr\bin\msvcp140.dll
0x00007ff9326b0000 - 0x00007ff93331d000 	C:\Program Files\Android\Android Studio\jbr\bin\server\jvm.dll
0x00007ff9fbae0000 - 0x00007ff9fbb8e000 	C:\WINDOWS\System32\ADVAPI32.dll
0x00007ff9fb800000 - 0x00007ff9fb8a4000 	C:\WINDOWS\System32\sechost.dll
0x00007ff9fab40000 - 0x00007ff9fac57000 	C:\WINDOWS\System32\RPCRT4.dll
0x00007ff9d8c10000 - 0x00007ff9d8c19000 	C:\WINDOWS\SYSTEM32\WSOCK32.dll
0x00007ff9f1a70000 - 0x00007ff9f1aa4000 	C:\WINDOWS\SYSTEM32\WINMM.dll
0x00007ff9ef7c0000 - 0x00007ff9ef7ca000 	C:\WINDOWS\SYSTEM32\VERSION.dll
0x00007ff9fbb90000 - 0x00007ff9fbc01000 	C:\WINDOWS\System32\WS2_32.dll
0x00007ff9f81a0000 - 0x00007ff9f81b8000 	C:\WINDOWS\SYSTEM32\kernel.appcore.dll
0x00007ff9ea8e0000 - 0x00007ff9ea8ea000 	C:\Program Files\Android\Android Studio\jbr\bin\jimage.dll
0x00007ff9f6c50000 - 0x00007ff9f6e7e000 	C:\WINDOWS\SYSTEM32\DBGHELP.DLL
0x00007ff9fb3e0000 - 0x00007ff9fb769000 	C:\WINDOWS\System32\combase.dll
0x00007ff9fa240000 - 0x00007ff9fa317000 	C:\WINDOWS\System32\OLEAUT32.dll
0x00007ff9e6d60000 - 0x00007ff9e6d92000 	C:\WINDOWS\SYSTEM32\dbgcore.DLL
0x00007ff9f99c0000 - 0x00007ff9f9a3b000 	C:\WINDOWS\System32\bcryptPrimitives.dll
0x00007ff9be760000 - 0x00007ff9be785000 	C:\Program Files\Android\Android Studio\jbr\bin\java.dll
0x00007ff9e9a50000 - 0x00007ff9e9a68000 	C:\Program Files\Android\Android Studio\jbr\bin\zip.dll
0x00007ff9fa320000 - 0x00007ff9fab1a000 	C:\WINDOWS\System32\SHELL32.dll
0x00007ff9f7150000 - 0x00007ff9f7a1e000 	C:\WINDOWS\SYSTEM32\windows.storage.dll
0x00007ff9f7010000 - 0x00007ff9f714e000 	C:\WINDOWS\SYSTEM32\wintypes.dll
0x00007ff9fbc10000 - 0x00007ff9fbd01000 	C:\WINDOWS\System32\SHCORE.dll
0x00007ff9f9fd0000 - 0x00007ff9fa02e000 	C:\WINDOWS\System32\shlwapi.dll
0x00007ff9f9080000 - 0x00007ff9f90a1000 	C:\WINDOWS\SYSTEM32\profapi.dll
0x00007ff9c1190000 - 0x00007ff9c11a9000 	C:\Program Files\Android\Android Studio\jbr\bin\net.dll
0x00007ff9f1930000 - 0x00007ff9f1a67000 	C:\WINDOWS\SYSTEM32\WINHTTP.dll
0x00007ff9f8610000 - 0x00007ff9f8679000 	C:\WINDOWS\system32\mswsock.dll
0x00007ff9bf230000 - 0x00007ff9bf246000 	C:\Program Files\Android\Android Studio\jbr\bin\nio.dll
0x00007ff9ea4e0000 - 0x00007ff9ea4f0000 	C:\Program Files\Android\Android Studio\jbr\bin\verify.dll
0x00007ff9be560000 - 0x00007ff9be587000 	C:\Users\ifnaa_iyjrs70\.gradle\native\e1d6ef7f7dcc3fd88c89a11ec53ec762bb8ba0a96d01ffa2cd45eb1d1d8dd5c5\windows-amd64\native-platform.dll
0x00007ff9ad440000 - 0x00007ff9ad584000 	C:\Users\ifnaa_iyjrs70\.gradle\native\0d407fdbe67a94daf76414ababcb853783967236a71b16ec16e742cd7a986fd3\windows-amd64\native-platform-file-events.dll
0x00007ff9e6040000 - 0x00007ff9e6049000 	C:\Program Files\Android\Android Studio\jbr\bin\management.dll
0x00007ff9dd670000 - 0x00007ff9dd67b000 	C:\Program Files\Android\Android Studio\jbr\bin\management_ext.dll
0x00007ff9fb790000 - 0x00007ff9fb798000 	C:\WINDOWS\System32\PSAPI.DLL
0x00007ff9f8880000 - 0x00007ff9f889b000 	C:\WINDOWS\SYSTEM32\CRYPTSP.dll
0x00007ff9f8110000 - 0x00007ff9f8145000 	C:\WINDOWS\system32\rsaenh.dll
0x00007ff9f8710000 - 0x00007ff9f8738000 	C:\WINDOWS\SYSTEM32\USERENV.dll
0x00007ff9f8a10000 - 0x00007ff9f8a38000 	C:\WINDOWS\SYSTEM32\bcrypt.dll
0x00007ff9f8870000 - 0x00007ff9f887c000 	C:\WINDOWS\SYSTEM32\CRYPTBASE.dll
0x00007ff9f7cc0000 - 0x00007ff9f7ced000 	C:\WINDOWS\SYSTEM32\IPHLPAPI.DLL
0x00007ff9fab30000 - 0x00007ff9fab39000 	C:\WINDOWS\System32\NSI.dll
0x00007ff9f1680000 - 0x00007ff9f1699000 	C:\WINDOWS\SYSTEM32\dhcpcsvc6.DLL
0x00007ff9f1660000 - 0x00007ff9f167f000 	C:\WINDOWS\SYSTEM32\dhcpcsvc.DLL
0x00007ff9f7cf0000 - 0x00007ff9f7de3000 	C:\WINDOWS\SYSTEM32\DNSAPI.dll
0x00007ff9dd520000 - 0x00007ff9dd528000 	C:\WINDOWS\system32\wshunix.dll

dbghelp: loaded successfully - version: 4.0.5 - missing functions: none
symbol engine: initialized successfully - sym options: 0x614 - pdb path: .;C:\Program Files\Android\Android Studio\jbr\bin;C:\WINDOWS\SYSTEM32;C:\WINDOWS\WinSxS\amd64_microsoft.windows.common-controls_6595b64144ccf1df_6.0.22621.1635_none_270f70857386168e;C:\Program Files\Android\Android Studio\jbr\bin\server;C:\Users\ifnaa_iyjrs70\.gradle\native\e1d6ef7f7dcc3fd88c89a11ec53ec762bb8ba0a96d01ffa2cd45eb1d1d8dd5c5\windows-amd64;C:\Users\ifnaa_iyjrs70\.gradle\native\0d407fdbe67a94daf76414ababcb853783967236a71b16ec16e742cd7a986fd3\windows-amd64

VM Arguments:
jvm_args: --add-opens=java.base/java.util=ALL-UNNAMED --add-opens=java.base/java.lang=ALL-UNNAMED --add-opens=java.base/java.lang.invoke=ALL-UNNAMED --add-opens=java.base/java.util=ALL-UNNAMED --add-opens=java.prefs/java.util.prefs=ALL-UNNAMED --add-opens=java.prefs/java.util.prefs=ALL-UNNAMED --add-opens=java.base/java.nio.charset=ALL-UNNAMED --add-opens=java.base/java.net=ALL-UNNAMED --add-opens=java.base/java.util.concurrent.atomic=ALL-UNNAMED -Xmx4608m -Dfile.encoding=windows-1252 -Duser.country=IN -Duser.language=en -Duser.variant 
java_command: org.gradle.launcher.daemon.bootstrap.GradleDaemon 7.5
java_class_path (initial): C:\Users\ifnaa_iyjrs70\.gradle\wrapper\dists\gradle-7.5-all\6qsw290k5lz422uaf8jf6m7co\gradle-7.5\lib\gradle-launcher-7.5.jar
Launcher Type: SUN_STANDARD

[Global flags]
     intx CICompilerCount                          = 4                                         {product} {ergonomic}
     uint ConcGCThreads                            = 3                                         {product} {ergonomic}
     uint G1ConcRefinementThreads                  = 10                                        {product} {ergonomic}
   size_t G1HeapRegionSize                         = 4194304                                   {product} {ergonomic}
    uintx GCDrainStackTargetSize                   = 64                                        {product} {ergonomic}
   size_t InitialHeapSize                          = 100663296                                 {product} {ergonomic}
   size_t MarkStackSize                            = 4194304                                   {product} {ergonomic}
   size_t MaxHeapSize                              = 4831838208                                {product} {command line}
   size_t MaxNewSize                               = 2898264064                                {product} {ergonomic}
   size_t MinHeapDeltaBytes                        = 4194304                                   {product} {ergonomic}
   size_t MinHeapSize                              = 8388608                                   {product} {ergonomic}
    uintx NonNMethodCodeHeapSize                   = 5839372                                {pd product} {ergonomic}
    uintx NonProfiledCodeHeapSize                  = 122909434                              {pd product} {ergonomic}
    uintx ProfiledCodeHeapSize                     = 122909434                              {pd product} {ergonomic}
    uintx ReservedCodeCacheSize                    = 251658240                              {pd product} {ergonomic}
     bool SegmentedCodeCache                       = true                                      {product} {ergonomic}
   size_t SoftMaxHeapSize                          = 4831838208                             {manageable} {ergonomic}
     bool UseCompressedClassPointers               = true                           {product lp64_product} {ergonomic}
     bool UseCompressedOops                        = true                           {product lp64_product} {ergonomic}
     bool UseG1GC                                  = true                                      {product} {ergonomic}
     bool UseLargePagesIndividualAllocation        = false                                  {pd product} {ergonomic}

Logging:
Log output configuration:
 #0: stdout all=warning uptime,level,tags
 #1: stderr all=off uptime,level,tags

Environment Variables:
JAVA_HOME=C:\Program Files\Android\Android Studio\jbr
CLASSPATH=C:\Users\ifnaa_iyjrs70\OneDrive\Desktop\project\knightly\Dechess\android\\gradle\wrapper\gradle-wrapper.jar
PATH=C:\Program Files\Common Files\Oracle\Java\javapath;C:\Program Files\Microsoft\jdk-11.0.16.101-hotspot\bin;C:\WINDOWS\system32;C:\WINDOWS;C:\WINDOWS\System32\Wbem;C:\WINDOWS\System32\WindowsPowerShell\v1.0\;C:\WINDOWS\System32\OpenSSH\;C:\Program Files\Java\jdk-20\bin;C:\flutter\bin;C:\Program Files\Microsoft SQL Server\150\Tools\Binn\;C:\Program Files\Microsoft SQL Server\Client SDK\ODBC\170\Tools\Binn\;C:\Program Files\dotnet\;C:\Program Files (x86)\Incredibuild;C:\Program Files\Git\cmd;C:\Program Files\nodejs\;C:\Users\ifnaa_iyjrs70\AppData\Local\Microsoft\WindowsApps;C:\Users\ifnaa_iyjrs70\.dotnet\tools;C:\Users\ifnaa_iyjrs70\AppData\Local\Programs\Microsoft VS Code\bin;C:\Users\ifnaa_iyjrs70\AppData\Roaming\npm;C:\Program Files\nodejs\;C:\flutter\bin;C:\Program Files\Android\Android Studio\bin;C:\Users\ifnaa_iyjrs70\AppData\Local\Google\Cloud SDK\google-cloud-sdk\bin;C:\flutter\bin\mingit\cmd
USERNAME=ifnaa_iyjrs70
OS=Windows_NT
PROCESSOR_IDENTIFIER=AMD64 Family 23 Model 104 Stepping 1, AuthenticAMD
TMP=C:\Users\IFNAA_~1\AppData\Local\Temp
TEMP=C:\Users\IFNAA_~1\AppData\Local\Temp



---------------  S Y S T E M  ---------------

OS:
 Windows 11 , 64 bit Build 22621 (10.0.22621.1778)
OS uptime: 22 days 7:13 hours

CPU: total 12 (initial active 12) (12 cores per cpu, 2 threads per core) family 23 model 104 stepping 1 microcode 0x0, cx8, cmov, fxsr, ht, mmx, 3dnowpref, sse, sse2, sse3, ssse3, sse4a, sse4.1, sse4.2, popcnt, lzcnt, tsc, tscinvbit, avx, avx2, aes, clmul, bmi1, bmi2, adx, sha, fma, vzeroupper, clflush, clflushopt

Memory: 4k page, system-wide physical 6005M (477M free)
TotalPageFile size 24437M (AvailPageFile size 1M)
current process WorkingSet (physical memory assigned to process): 394M, peak: 414M
current process commit charge ("private bytes"): 527M, peak: 527M

vm_info: OpenJDK 64-Bit Server VM (17.0.6+0-b2043.56-9586694) for windows-amd64 JRE (17.0.6+0-b2043.56-9586694), built on Feb  9 2023 20:06:20 by "androidbuild" with MS VC++ 16.10 / 16.11 (VS2019)

END.
