#
# There is insufficient memory for the Java Runtime Environment to continue.
# Native memory allocation (malloc) failed to allocate 2111856 bytes for Chunk::new
# Possible reasons:
#   The system is out of physical RAM or swap space
#   The process is running with CompressedOops enabled, and the Java Heap may be blocking the growth of the native heap
# Possible solutions:
#   Reduce memory load on the system
#   Increase physical memory or swap space
#   Check if swap backing store is full
#   Decrease Java heap size (-Xmx/-Xms)
#   Decrease number of Java threads
#   Decrease Java thread stack sizes (-Xss)
#   Set larger code cache with -XX:ReservedCodeCacheSize=
#   JVM is running with Zero Based Compressed Oops mode in which the Java heap is
#     placed in the first 32GB address space. The Java Heap base address is the
#     maximum limit for the native heap growth. Please use -XX:HeapBaseMinAddress
#     to set the Java Heap base and to place the Java Heap above 32GB virtual address.
# This output file may be truncated or incomplete.
#
#  Out of Memory Error (arena.cpp:189), pid=54816, tid=54612
#
# JRE version: OpenJDK Runtime Environment (17.0.6) (build 17.0.6+0-b2043.56-9586694)
# Java VM: OpenJDK 64-Bit Server VM (17.0.6+0-b2043.56-9586694, mixed mode, tiered, compressed oops, compressed class ptrs, g1 gc, windows-amd64)
# No core dump will be written. Minidumps are not enabled by default on client versions of Windows
#

---------------  S U M M A R Y ------------

Command Line: --add-opens=java.base/java.util=ALL-UNNAMED --add-opens=java.base/java.lang=ALL-UNNAMED --add-opens=java.base/java.lang.invoke=ALL-UNNAMED --add-opens=java.base/java.util=ALL-UNNAMED --add-opens=java.prefs/java.util.prefs=ALL-UNNAMED --add-opens=java.prefs/java.util.prefs=ALL-UNNAMED --add-opens=java.base/java.nio.charset=ALL-UNNAMED --add-opens=java.base/java.net=ALL-UNNAMED --add-opens=java.base/java.util.concurrent.atomic=ALL-UNNAMED -Xmx4608m -Dfile.encoding=windows-1252 -Duser.country=IN -Duser.language=en -Duser.variant org.gradle.launcher.daemon.bootstrap.GradleDaemon 7.5

Host: AMD Ryzen 5 5500U with Radeon Graphics         , 12 cores, 5G,  Windows 11 , 64 bit Build 22621 (10.0.22621.1778)
Time: Sun Jul 30 23:02:25 2023 India Standard Time elapsed time: 67.979662 seconds (0d 0h 1m 7s)

---------------  T H R E A D  ---------------

Current thread (0x0000027faed0d070):  JavaThread "C2 CompilerThread0" daemon [_thread_in_native, id=54612, stack(0x00000091a7500000,0x00000091a7600000)]


Current CompileTask:
C2:  67980 13585       4       org.gradle.internal.service.DefaultServiceRegistry$ClassInspector::getDetailsForClass (50 bytes)

Stack: [0x00000091a7500000,0x00000091a7600000]
Native frames: (J=compiled Java code, j=interpreted, Vv=VM code, C=native code)
V  [jvm.dll+0x683b4a]
V  [jvm.dll+0x842654]
V  [jvm.dll+0x843dfe]
V  [jvm.dll+0x844463]
V  [jvm.dll+0x249b75]
V  [jvm.dll+0xabcac]
V  [jvm.dll+0xac27c]
V  [jvm.dll+0x368802]
V  [jvm.dll+0x332f31]
V  [jvm.dll+0x3323da]
V  [jvm.dll+0x21c201]
V  [jvm.dll+0x21b621]
V  [jvm.dll+0x1a4fdd]
V  [jvm.dll+0x22b098]
V  [jvm.dll+0x229159]
V  [jvm.dll+0x7f809c]
V  [jvm.dll+0x7f25fa]
V  [jvm.dll+0x682985]
C  [ucrtbase.dll+0x29363]
C  [KERNEL32.DLL+0x126ad]
C  [ntdll.dll+0x5a9f8]


---------------  P R O C E S S  ---------------

Threads class SMR info:
_java_thread_list=0x0000027fb60dd7c0, length=51, elements={
0x0000027f8c2ad0b0, 0x0000027fae395b10, 0x0000027fae3965d0, 0x0000027fae3ed010,
0x0000027fae3ed8d0, 0x0000027fae3ee890, 0x0000027faed0a470, 0x0000027faed0d070,
0x0000027faed22d50, 0x0000027faed2da80, 0x0000027faee90a10, 0x0000027faeeb25c0,
0x0000027fb04706a0, 0x0000027fb054fde0, 0x0000027fb0408220, 0x0000027fb08c3600,
0x0000027fb06a9740, 0x0000027fb06a6bf0, 0x0000027fb06a7a60, 0x0000027fb06a70c0,
0x0000027fb06a9270, 0x0000027fb06a8da0, 0x0000027fb06aa5b0, 0x0000027fb3233740,
0x0000027fb3238de0, 0x0000027fb3235dc0, 0x0000027fb3239780, 0x0000027fb32345b0,
0x0000027fb3236760, 0x0000027fb21f9c30, 0x0000027fb21f9290, 0x0000027fb21fdf90,
0x0000027fb21fe460, 0x0000027fb2200ae0, 0x0000027fb21ff7a0, 0x0000027fb2200610,
0x0000027fb3635560, 0x0000027fb3634bc0, 0x0000027fb36363d0, 0x0000027fb22bf8a0,
0x0000027fb22bf3d0, 0x0000027fb22b8050, 0x0000027fb22ba6d0, 0x0000027fb22b89f0,
0x0000027fb22b8ec0, 0x0000027fb22bd220, 0x0000027fb22bd6f0, 0x0000027fb22bdbc0,
0x0000027fb22be560, 0x0000027fb22bea30, 0x0000027fb22bef00
}

Java Threads: ( => current thread )
  0x0000027f8c2ad0b0 JavaThread "main" [_thread_blocked, id=50292, stack(0x00000091a6800000,0x00000091a6900000)]
  0x0000027fae395b10 JavaThread "Reference Handler" daemon [_thread_blocked, id=18480, stack(0x00000091a6f00000,0x00000091a7000000)]
  0x0000027fae3965d0 JavaThread "Finalizer" daemon [_thread_blocked, id=53536, stack(0x00000091a7000000,0x00000091a7100000)]
  0x0000027fae3ed010 JavaThread "Signal Dispatcher" daemon [_thread_blocked, id=3792, stack(0x00000091a7100000,0x00000091a7200000)]
  0x0000027fae3ed8d0 JavaThread "Attach Listener" daemon [_thread_blocked, id=47452, stack(0x00000091a7200000,0x00000091a7300000)]
  0x0000027fae3ee890 JavaThread "Service Thread" daemon [_thread_blocked, id=52212, stack(0x00000091a7300000,0x00000091a7400000)]
  0x0000027faed0a470 JavaThread "Monitor Deflation Thread" daemon [_thread_blocked, id=50948, stack(0x00000091a7400000,0x00000091a7500000)]
=>0x0000027faed0d070 JavaThread "C2 CompilerThread0" daemon [_thread_in_native, id=54612, stack(0x00000091a7500000,0x00000091a7600000)]
  0x0000027faed22d50 JavaThread "C1 CompilerThread0" daemon [_thread_in_vm, id=9844, stack(0x00000091a7600000,0x00000091a7700000)]
  0x0000027faed2da80 JavaThread "Sweeper thread" daemon [_thread_blocked, id=24060, stack(0x00000091a7700000,0x00000091a7800000)]
  0x0000027faee90a10 JavaThread "Common-Cleaner" daemon [_thread_blocked, id=41340, stack(0x00000091a7800000,0x00000091a7900000)]
  0x0000027faeeb25c0 JavaThread "Notification Thread" daemon [_thread_blocked, id=32416, stack(0x00000091a7900000,0x00000091a7a00000)]
  0x0000027fb04706a0 JavaThread "Daemon health stats" [_thread_blocked, id=432, stack(0x00000091a7f00000,0x00000091a8000000)]
  0x0000027fb054fde0 JavaThread "Incoming local TCP Connector on port 61224" [_thread_in_native, id=47988, stack(0x00000091a8300000,0x00000091a8400000)]
  0x0000027fb0408220 JavaThread "Daemon periodic checks" [_thread_blocked, id=37504, stack(0x00000091a8400000,0x00000091a8500000)]
  0x0000027fb08c3600 JavaThread "Daemon" [_thread_blocked, id=50556, stack(0x00000091a8500000,0x00000091a8600000)]
  0x0000027fb06a9740 JavaThread "Daemon worker" [_thread_in_Java, id=58248, stack(0x00000091a8800000,0x00000091a8900000)]
  0x0000027fb06a6bf0 JavaThread "Cache worker for journal cache (C:\Users\ifnaa_iyjrs70\.gradle\caches\journal-1)" [_thread_blocked, id=47876, stack(0x00000091a8c00000,0x00000091a8d00000)]
  0x0000027fb06a7a60 JavaThread "File lock request listener" [_thread_in_native, id=39916, stack(0x00000091a8d00000,0x00000091a8e00000)]
  0x0000027fb06a70c0 JavaThread "Cache worker for file hash cache (C:\Users\ifnaa_iyjrs70\.gradle\caches\7.5\fileHashes)" [_thread_blocked, id=55752, stack(0x00000091a9200000,0x00000091a9300000)]
  0x0000027fb06a9270 JavaThread "File watcher server" daemon [_thread_in_native, id=47816, stack(0x00000091a9300000,0x00000091a9400000)]
  0x0000027fb06a8da0 JavaThread "File watcher consumer" daemon [_thread_blocked, id=336, stack(0x00000091a9400000,0x00000091a9500000)]
  0x0000027fb06aa5b0 JavaThread "Cache worker for file content cache (C:\Users\ifnaa_iyjrs70\.gradle\caches\7.5\fileContent)" [_thread_blocked, id=7964, stack(0x00000091a9700000,0x00000091a9800000)]
  0x0000027fb3233740 JavaThread "Cache worker for execution history cache (C:\Users\ifnaa_iyjrs70\.gradle\caches\7.5\executionHistory)" [_thread_blocked, id=57064, stack(0x00000091a9a00000,0x00000091a9b00000)]
  0x0000027fb3238de0 JavaThread "jar transforms" [_thread_blocked, id=52528, stack(0x00000091a9b00000,0x00000091a9c00000)]
  0x0000027fb3235dc0 JavaThread "jar transforms Thread 2" [_thread_blocked, id=24124, stack(0x00000091a9c00000,0x00000091a9d00000)]
  0x0000027fb3239780 JavaThread "jar transforms Thread 3" [_thread_blocked, id=17224, stack(0x00000091a9d00000,0x00000091a9e00000)]
  0x0000027fb32345b0 JavaThread "jar transforms Thread 4" [_thread_blocked, id=41180, stack(0x00000091a9e00000,0x00000091a9f00000)]
  0x0000027fb3236760 JavaThread "jar transforms Thread 5" [_thread_blocked, id=52536, stack(0x00000091aa000000,0x00000091aa100000)]
  0x0000027fb21f9c30 JavaThread "jar transforms Thread 6" [_thread_blocked, id=53940, stack(0x00000091b1a00000,0x00000091b1b00000)]
  0x0000027fb21f9290 JavaThread "jar transforms Thread 7" [_thread_blocked, id=57032, stack(0x00000091b1b00000,0x00000091b1c00000)]
  0x0000027fb21fdf90 JavaThread "jar transforms Thread 8" [_thread_blocked, id=16284, stack(0x00000091b1c00000,0x00000091b1d00000)]
  0x0000027fb21fe460 JavaThread "jar transforms Thread 9" [_thread_blocked, id=53320, stack(0x00000091b1d00000,0x00000091b1e00000)]
  0x0000027fb2200ae0 JavaThread "jar transforms Thread 10" [_thread_blocked, id=20612, stack(0x00000091b1e00000,0x00000091b1f00000)]
  0x0000027fb21ff7a0 JavaThread "jar transforms Thread 11" [_thread_blocked, id=29400, stack(0x00000091b1f00000,0x00000091b2000000)]
  0x0000027fb2200610 JavaThread "jar transforms Thread 12" [_thread_blocked, id=16080, stack(0x00000091b2000000,0x00000091b2100000)]
  0x0000027fb3635560 JavaThread "Memory manager" [_thread_blocked, id=48588, stack(0x00000091b2100000,0x00000091b2200000)]
  0x0000027fb3634bc0 JavaThread "Cache worker for kotlin-dsl (C:\Users\ifnaa_iyjrs70\.gradle\caches\7.5\kotlin-dsl)" [_thread_blocked, id=57456, stack(0x00000091b2200000,0x00000091b2300000)]
  0x0000027fb36363d0 JavaThread "included builds" [_thread_blocked, id=51060, stack(0x00000091b2500000,0x00000091b2600000)]
  0x0000027fb22bf8a0 JavaThread "Exec process" [_thread_blocked, id=14768, stack(0x00000091b3200000,0x00000091b3300000)]
  0x0000027fb22bf3d0 JavaThread "Exec process Thread 2" [_thread_blocked, id=58280, stack(0x00000091b3300000,0x00000091b3400000)]
  0x0000027fb22b8050 JavaThread "Exec process Thread 3" [_thread_blocked, id=52076, stack(0x00000091b3400000,0x00000091b3500000)]
  0x0000027fb22ba6d0 JavaThread "Handler for socket connection from /127.0.0.1:61224 to /127.0.0.1:61317" [_thread_in_native, id=53588, stack(0x00000091a6500000,0x00000091a6600000)]
  0x0000027fb22b89f0 JavaThread "Cancel handler" [_thread_blocked, id=56952, stack(0x00000091a6600000,0x00000091a6700000)]
  0x0000027fb22b8ec0 JavaThread "Asynchronous log dispatcher for DefaultDaemonConnection: socket connection from /127.0.0.1:61224 to /127.0.0.1:61317" [_thread_blocked, id=57844, stack(0x00000091a6700000,0x00000091a6800000)]
  0x0000027fb22bd220 JavaThread "Stdin handler" [_thread_blocked, id=20984, stack(0x00000091a8900000,0x00000091a8a00000)]
  0x0000027fb22bd6f0 JavaThread "Daemon client event forwarder" [_thread_blocked, id=57604, stack(0x00000091a8a00000,0x00000091a8b00000)]
  0x0000027fb22bdbc0 JavaThread "Cache worker for checksums cache (C:\Users\ifnaa_iyjrs70\OneDrive\Desktop\project\knightly\Dechess\android\.gradle\7.5\checksums)" [_thread_blocked, id=53252, stack(0x00000091a8b00000,0x00000091a8c00000)]
  0x0000027fb22be560 JavaThread "Cache worker for cache directory md-rule (C:\Users\ifnaa_iyjrs70\.gradle\caches\7.5\md-rule)" [_thread_blocked, id=17912, stack(0x00000091a9500000,0x00000091a9600000)]
  0x0000027fb22bea30 JavaThread "Cache worker for file hash cache (C:\Users\ifnaa_iyjrs70\OneDrive\Desktop\project\knightly\Dechess\android\.gradle\7.5\fileHashes)" [_thread_blocked, id=1036, stack(0x00000091a9600000,0x00000091a9700000)]
  0x0000027fb22bef00 JavaThread "Cache worker for cache directory md-supplier (C:\Users\ifnaa_iyjrs70\.gradle\caches\7.5\md-supplier)" [_thread_blocked, id=37436, stack(0x00000091a9800000,0x00000091a9900000)]

Other Threads:
  0x0000027fae3ad010 VMThread "VM Thread" [stack: 0x00000091a6e00000,0x00000091a6f00000] [id=48396]
  0x0000027f8c339ef0 WatcherThread [stack: 0x00000091a7a00000,0x00000091a7b00000] [id=50216]
  0x0000027f8c31db80 GCTaskThread "GC Thread#0" [stack: 0x00000091a6900000,0x00000091a6a00000] [id=49016]
  0x0000027fafe96b30 GCTaskThread "GC Thread#1" [stack: 0x00000091a7b00000,0x00000091a7c00000] [id=12056]
  0x0000027faf81efb0 GCTaskThread "GC Thread#2" [stack: 0x00000091a7c00000,0x00000091a7d00000] [id=16696]
  0x0000027faf73e420 GCTaskThread "GC Thread#3" [stack: 0x00000091a7d00000,0x00000091a7e00000] [id=13152]
  0x0000027fafcf4a60 GCTaskThread "GC Thread#4" [stack: 0x00000091a7e00000,0x00000091a7f00000] [id=55060]
  0x0000027fb05d5710 GCTaskThread "GC Thread#5" [stack: 0x00000091a8000000,0x00000091a8100000] [id=39340]
  0x0000027fb05d59c0 GCTaskThread "GC Thread#6" [stack: 0x00000091a8100000,0x00000091a8200000] [id=48200]
  0x0000027fb05d5c70 GCTaskThread "GC Thread#7" [stack: 0x00000091a8200000,0x00000091a8300000] [id=56948]
  0x0000027fb15a5f10 GCTaskThread "GC Thread#8" [stack: 0x00000091a8e00000,0x00000091a8f00000] [id=52084]
  0x0000027fb079a8c0 GCTaskThread "GC Thread#9" [stack: 0x00000091a8f00000,0x00000091a9000000] [id=52640]
  0x0000027f8c327960 ConcurrentGCThread "G1 Main Marker" [stack: 0x00000091a6a00000,0x00000091a6b00000] [id=54140]
  0x0000027f8c3289b0 ConcurrentGCThread "G1 Conc#0" [stack: 0x00000091a6b00000,0x00000091a6c00000] [id=17676]
  0x0000027fb06e12a0 ConcurrentGCThread "G1 Conc#1" [stack: 0x00000091a9000000,0x00000091a9100000] [id=2108]
  0x0000027fb1453c60 ConcurrentGCThread "G1 Conc#2" [stack: 0x00000091a9100000,0x00000091a9200000] [id=16172]
  0x0000027fae200090 ConcurrentGCThread "G1 Refine#0" [stack: 0x00000091a6c00000,0x00000091a6d00000] [id=27604]
  0x0000027fb3832ac0 ConcurrentGCThread "G1 Refine#1" [stack: 0x00000091b2300000,0x00000091b2400000] [id=44868]
  0x0000027fb38310e0 ConcurrentGCThread "G1 Refine#2" [stack: 0x00000091b2400000,0x00000091b2500000] [id=20220]
  0x0000027fae200950 ConcurrentGCThread "G1 Service" [stack: 0x00000091a6d00000,0x00000091a6e00000] [id=52220]

Threads with active compile tasks:
C2 CompilerThread0    68038 13585       4       org.gradle.internal.service.DefaultServiceRegistry$ClassInspector::getDetailsForClass (50 bytes)
C1 CompilerThread0    68038 13619   !   3       org.codehaus.groovy.runtime.callsite.PojoMetaMethodSite::checkCall (56 bytes)

VM state: not at safepoint (normal execution)

VM Mutex/Monitor currently owned by a thread: None

Heap address: 0x00000006e0000000, size: 4608 MB, Compressed Oops mode: Zero based, Oop shift amount: 3

CDS archive(s) not mapped
Compressed class space mapped at: 0x0000000800000000-0x0000000840000000, reserved size: 1073741824
Narrow klass base: 0x0000000800000000, Narrow klass shift: 0, Narrow klass range: 0x40000000

GC Precious Log:
 CPUs: 12 total, 12 available
 Memory: 6005M
 Large Page Support: Disabled
 NUMA Support: Disabled
 Compressed Oops: Enabled (Zero based)
 Heap Region Size: 4M
 Heap Min Capacity: 8M
 Heap Initial Capacity: 96M
 Heap Max Capacity: 4608M
 Pre-touch: Disabled
 Parallel Workers: 10
 Concurrent Workers: 3
 Concurrent Refinement Workers: 10
 Periodic GC: Disabled

Heap:
 garbage-first heap   total 262144K, used 189036K [0x00000006e0000000, 0x0000000800000000)
  region size 4096K, 13 young (53248K), 2 survivors (8192K)
 Metaspace       used 96543K, committed 97728K, reserved 1138688K
  class space    used 13256K, committed 13760K, reserved 1048576K

Heap Regions: E=young(eden), S=young(survivor), O=old, HS=humongous(starts), HC=humongous(continues), CS=collection set, F=free, OA=open archive, CA=closed archive, TAMS=top-at-mark-start (previous, next)
|   0|0x00000006e0000000, 0x00000006e0400000, 0x00000006e0400000|100%| O|  |TAMS 0x00000006e0400000, 0x00000006e0000000| Untracked 
|   1|0x00000006e0400000, 0x00000006e0800000, 0x00000006e0800000|100%|HS|  |TAMS 0x00000006e0800000, 0x00000006e0400000| Complete 
|   2|0x00000006e0800000, 0x00000006e0c00000, 0x00000006e0c00000|100%| O|  |TAMS 0x00000006e0c00000, 0x00000006e0800000| Untracked 
|   3|0x00000006e0c00000, 0x00000006e0fa6600, 0x00000006e1000000| 91%| O|  |TAMS 0x00000006e0fa6600, 0x00000006e0c00000| Untracked 
|   4|0x00000006e1000000, 0x00000006e1400000, 0x00000006e1400000|100%| O|  |TAMS 0x00000006e1400000, 0x00000006e1000000| Untracked 
|   5|0x00000006e1400000, 0x00000006e1800000, 0x00000006e1800000|100%| O|  |TAMS 0x00000006e1800000, 0x00000006e1400000| Untracked 
|   6|0x00000006e1800000, 0x00000006e1c00000, 0x00000006e1c00000|100%| O|  |TAMS 0x00000006e1c00000, 0x00000006e1800000| Untracked 
|   7|0x00000006e1c00000, 0x00000006e2000000, 0x00000006e2000000|100%| O|  |TAMS 0x00000006e2000000, 0x00000006e1c00000| Untracked 
|   8|0x00000006e2000000, 0x00000006e2400000, 0x00000006e2400000|100%| O|  |TAMS 0x00000006e2400000, 0x00000006e2000000| Untracked 
|   9|0x00000006e2400000, 0x00000006e2800000, 0x00000006e2800000|100%| O|  |TAMS 0x00000006e2800000, 0x00000006e2400000| Untracked 
|  10|0x00000006e2800000, 0x00000006e2c00000, 0x00000006e2c00000|100%|HS|  |TAMS 0x00000006e2c00000, 0x00000006e2800000| Complete 
|  11|0x00000006e2c00000, 0x00000006e3000000, 0x00000006e3000000|100%| O|  |TAMS 0x00000006e3000000, 0x00000006e2c00000| Untracked 
|  12|0x00000006e3000000, 0x00000006e3400000, 0x00000006e3400000|100%| O|  |TAMS 0x00000006e3400000, 0x00000006e3000000| Untracked 
|  13|0x00000006e3400000, 0x00000006e3800000, 0x00000006e3800000|100%| O|  |TAMS 0x00000006e3800000, 0x00000006e3400000| Untracked 
|  14|0x00000006e3800000, 0x00000006e3c00000, 0x00000006e3c00000|100%| O|  |TAMS 0x00000006e3c00000, 0x00000006e3800000| Untracked 
|  15|0x00000006e3c00000, 0x00000006e4000000, 0x00000006e4000000|100%| O|  |TAMS 0x00000006e4000000, 0x00000006e3c00000| Untracked 
|  16|0x00000006e4000000, 0x00000006e4400000, 0x00000006e4400000|100%| O|  |TAMS 0x00000006e4400000, 0x00000006e4000000| Untracked 
|  17|0x00000006e4400000, 0x00000006e4800000, 0x00000006e4800000|100%| O|  |TAMS 0x00000006e4800000, 0x00000006e4400000| Untracked 
|  18|0x00000006e4800000, 0x00000006e4c00000, 0x00000006e4c00000|100%| O|  |TAMS 0x00000006e4c00000, 0x00000006e4800000| Untracked 
|  19|0x00000006e4c00000, 0x00000006e5000000, 0x00000006e5000000|100%| O|  |TAMS 0x00000006e5000000, 0x00000006e4c00000| Untracked 
|  20|0x00000006e5000000, 0x00000006e5400000, 0x00000006e5400000|100%| O|  |TAMS 0x00000006e5400000, 0x00000006e5000000| Untracked 
|  21|0x00000006e5400000, 0x00000006e5800000, 0x00000006e5800000|100%| O|  |TAMS 0x00000006e5800000, 0x00000006e5400000| Untracked 
|  22|0x00000006e5800000, 0x00000006e5c00000, 0x00000006e5c00000|100%| O|  |TAMS 0x00000006e5c00000, 0x00000006e5800000| Untracked 
|  23|0x00000006e5c00000, 0x00000006e6000000, 0x00000006e6000000|100%| O|  |TAMS 0x00000006e6000000, 0x00000006e5c00000| Untracked 
|  24|0x00000006e6000000, 0x00000006e6400000, 0x00000006e6400000|100%| O|  |TAMS 0x00000006e6400000, 0x00000006e6000000| Untracked 
|  25|0x00000006e6400000, 0x00000006e6800000, 0x00000006e6800000|100%| O|  |TAMS 0x00000006e6800000, 0x00000006e6400000| Untracked 
|  26|0x00000006e6800000, 0x00000006e6c00000, 0x00000006e6c00000|100%| O|  |TAMS 0x00000006e6c00000, 0x00000006e6800000| Untracked 
|  27|0x00000006e6c00000, 0x00000006e7000000, 0x00000006e7000000|100%| O|  |TAMS 0x00000006e7000000, 0x00000006e6c00000| Untracked 
|  28|0x00000006e7000000, 0x00000006e7400000, 0x00000006e7400000|100%| O|  |TAMS 0x00000006e7400000, 0x00000006e7000000| Untracked 
|  29|0x00000006e7400000, 0x00000006e7800000, 0x00000006e7800000|100%| O|  |TAMS 0x00000006e7800000, 0x00000006e7400000| Untracked 
|  30|0x00000006e7800000, 0x00000006e7c00000, 0x00000006e7c00000|100%| O|  |TAMS 0x00000006e7b32e00, 0x00000006e7800000| Untracked 
|  31|0x00000006e7c00000, 0x00000006e8000000, 0x00000006e8000000|100%| O|  |TAMS 0x00000006e7c00000, 0x00000006e7c00000| Untracked 
|  32|0x00000006e8000000, 0x00000006e8400000, 0x00000006e8400000|100%| O|  |TAMS 0x00000006e8000000, 0x00000006e8000000| Untracked 
|  33|0x00000006e8400000, 0x00000006e8800000, 0x00000006e8800000|100%| O|  |TAMS 0x00000006e8400000, 0x00000006e8400000| Untracked 
|  34|0x00000006e8800000, 0x00000006e89cda00, 0x00000006e8c00000| 45%| O|  |TAMS 0x00000006e8800000, 0x00000006e8800000| Untracked 
|  35|0x00000006e8c00000, 0x00000006e8c00000, 0x00000006e9000000|  0%| F|  |TAMS 0x00000006e8c00000, 0x00000006e8c00000| Untracked 
|  36|0x00000006e9000000, 0x00000006e9000000, 0x00000006e9400000|  0%| F|  |TAMS 0x00000006e9000000, 0x00000006e9000000| Untracked 
|  37|0x00000006e9400000, 0x00000006e9400000, 0x00000006e9800000|  0%| F|  |TAMS 0x00000006e9400000, 0x00000006e9400000| Untracked 
|  38|0x00000006e9800000, 0x00000006e9800000, 0x00000006e9c00000|  0%| F|  |TAMS 0x00000006e9800000, 0x00000006e9800000| Untracked 
|  39|0x00000006e9c00000, 0x00000006e9c00000, 0x00000006ea000000|  0%| F|  |TAMS 0x00000006e9c00000, 0x00000006e9c00000| Untracked 
|  40|0x00000006ea000000, 0x00000006ea000000, 0x00000006ea400000|  0%| F|  |TAMS 0x00000006ea000000, 0x00000006ea000000| Untracked 
|  41|0x00000006ea400000, 0x00000006ea400000, 0x00000006ea800000|  0%| F|  |TAMS 0x00000006ea400000, 0x00000006ea400000| Untracked 
|  42|0x00000006ea800000, 0x00000006ea800000, 0x00000006eac00000|  0%| F|  |TAMS 0x00000006ea800000, 0x00000006ea800000| Untracked 
|  43|0x00000006eac00000, 0x00000006eac00000, 0x00000006eb000000|  0%| F|  |TAMS 0x00000006eac00000, 0x00000006eac00000| Untracked 
|  44|0x00000006eb000000, 0x00000006eb000000, 0x00000006eb400000|  0%| F|  |TAMS 0x00000006eb000000, 0x00000006eb000000| Untracked 
|  45|0x00000006eb400000, 0x00000006eb400000, 0x00000006eb800000|  0%| F|  |TAMS 0x00000006eb400000, 0x00000006eb400000| Untracked 
|  46|0x00000006eb800000, 0x00000006eb800000, 0x00000006ebc00000|  0%| F|  |TAMS 0x00000006eb800000, 0x00000006eb800000| Untracked 
|  47|0x00000006ebc00000, 0x00000006ebc00000, 0x00000006ec000000|  0%| F|  |TAMS 0x00000006ebc00000, 0x00000006ebc00000| Untracked 
|  48|0x00000006ec000000, 0x00000006ec000000, 0x00000006ec400000|  0%| F|  |TAMS 0x00000006ec000000, 0x00000006ec000000| Untracked 
|  49|0x00000006ec400000, 0x00000006ec400000, 0x00000006ec800000|  0%| F|  |TAMS 0x00000006ec400000, 0x00000006ec400000| Untracked 
|  50|0x00000006ec800000, 0x00000006ec800000, 0x00000006ecc00000|  0%| F|  |TAMS 0x00000006ec800000, 0x00000006ec800000| Untracked 
|  51|0x00000006ecc00000, 0x00000006ecd38440, 0x00000006ed000000| 30%| E|  |TAMS 0x00000006ecc00000, 0x00000006ecc00000| Complete 
|  52|0x00000006ed000000, 0x00000006ed400000, 0x00000006ed400000|100%| E|CS|TAMS 0x00000006ed000000, 0x00000006ed000000| Complete 
|  53|0x00000006ed400000, 0x00000006ed800000, 0x00000006ed800000|100%| E|CS|TAMS 0x00000006ed400000, 0x00000006ed400000| Complete 
|  54|0x00000006ed800000, 0x00000006edc00000, 0x00000006edc00000|100%| E|CS|TAMS 0x00000006ed800000, 0x00000006ed800000| Complete 
|  55|0x00000006edc00000, 0x00000006ee000000, 0x00000006ee000000|100%| E|CS|TAMS 0x00000006edc00000, 0x00000006edc00000| Complete 
|  56|0x00000006ee000000, 0x00000006ee400000, 0x00000006ee400000|100%| E|CS|TAMS 0x00000006ee000000, 0x00000006ee000000| Complete 
|  57|0x00000006ee400000, 0x00000006ee727280, 0x00000006ee800000| 78%| S|CS|TAMS 0x00000006ee400000, 0x00000006ee400000| Complete 
|  58|0x00000006ee800000, 0x00000006eec00000, 0x00000006eec00000|100%| S|CS|TAMS 0x00000006ee800000, 0x00000006ee800000| Complete 
|  59|0x00000006eec00000, 0x00000006ef000000, 0x00000006ef000000|100%| E|CS|TAMS 0x00000006eec00000, 0x00000006eec00000| Complete 
|  60|0x00000006ef000000, 0x00000006ef400000, 0x00000006ef400000|100%| E|CS|TAMS 0x00000006ef000000, 0x00000006ef000000| Complete 
|  61|0x00000006ef400000, 0x00000006ef800000, 0x00000006ef800000|100%| E|CS|TAMS 0x00000006ef400000, 0x00000006ef400000| Complete 
|  62|0x00000006ef800000, 0x00000006efc00000, 0x00000006efc00000|100%| E|CS|TAMS 0x00000006ef800000, 0x00000006ef800000| Complete 
|  63|0x00000006efc00000, 0x00000006f0000000, 0x00000006f0000000|100%| E|CS|TAMS 0x00000006efc00000, 0x00000006efc00000| Complete 

Card table byte_map: [0x0000027fa14f0000,0x0000027fa1df0000] _byte_map_base: 0x0000027f9ddf0000

Marking Bits (Prev, Next): (CMBitMap*) 0x0000027f8c31e030, (CMBitMap*) 0x0000027f8c31e070
 Prev Bits: [0x0000027fa26f0000, 0x0000027fa6ef0000)
 Next Bits: [0x0000027fa6ef0000, 0x0000027fab6f0000)

Polling page: 0x0000027f8c370000

Metaspace:

Usage:
  Non-class:     81.34 MB used.
      Class:     12.95 MB used.
       Both:     94.28 MB used.

Virtual space:
  Non-class space:       88.00 MB reserved,      82.00 MB ( 93%) committed,  11 nodes.
      Class space:        1.00 GB reserved,      13.50 MB (  1%) committed,  1 nodes.
             Both:        1.09 GB reserved,      95.50 MB (  9%) committed. 

Chunk freelists:
   Non-Class:  1.51 MB
       Class:  2.56 MB
        Both:  4.07 MB

MaxMetaspaceSize: unlimited
CompressedClassSpaceSize: 1.00 GB
Initial GC threshold: 21.00 MB
Current GC threshold: 153.69 MB
CDS: off
MetaspaceReclaimPolicy: balanced
 - commit_granule_bytes: 65536.
 - commit_granule_words: 8192.
 - virtual_space_node_default_size: 1048576.
 - enlarge_chunks_in_place: 1.
 - new_chunks_are_fully_committed: 0.
 - uncommit_free_chunks: 1.
 - use_allocation_guard: 0.
 - handle_deallocations: 1.


Internal statistics:

num_allocs_failed_limit: 8.
num_arena_births: 1514.
num_arena_deaths: 0.
num_vsnodes_births: 12.
num_vsnodes_deaths: 0.
num_space_committed: 1528.
num_space_uncommitted: 0.
num_chunks_returned_to_freelist: 8.
num_chunks_taken_from_freelist: 5444.
num_chunk_merges: 3.
num_chunk_splits: 3368.
num_chunks_enlarged: 1967.
num_purges: 0.
num_inconsistent_stats: 0.

CodeHeap 'non-profiled nmethods': size=120000Kb used=5577Kb max_used=5685Kb free=114422Kb
 bounds [0x0000027f98a30000, 0x0000027f98fd0000, 0x0000027f9ff60000]
CodeHeap 'profiled nmethods': size=120000Kb used=21058Kb max_used=22324Kb free=98941Kb
 bounds [0x0000027f90f60000, 0x0000027f92530000, 0x0000027f98490000]
CodeHeap 'non-nmethods': size=5760Kb used=2392Kb max_used=2438Kb free=3367Kb
 bounds [0x0000027f98490000, 0x0000027f98700000, 0x0000027f98a30000]
 total_blobs=12750 nmethods=11830 adapters=830
 compilation: enabled
              stopped_count=0, restarted_count=0
 full_count=0

Compilation events (20 events):
Event: 67.785 Thread 0x0000027faed0d070 13591       4       java.util.HashSet::size (8 bytes)
Event: 67.786 Thread 0x0000027faed0d070 nmethod 13591 0x0000027f98cfa510 code [0x0000027f98cfa680, 0x0000027f98cfa718]
Event: 67.786 Thread 0x0000027faed0d070 13585       4       org.gradle.internal.service.DefaultServiceRegistry$ClassInspector::getDetailsForClass (50 bytes)
Event: 67.787 Thread 0x0000027faed22d50 nmethod 13593 0x0000027f910a0810 code [0x0000027f910a0a00, 0x0000027f910a0f38]
Event: 67.812 Thread 0x0000027faed22d50 13596       3       java.util.concurrent.ConcurrentSkipListMap::cpr (26 bytes)
Event: 67.813 Thread 0x0000027faed22d50 nmethod 13596 0x0000027f9197bd90 code [0x0000027f9197bf60, 0x0000027f9197c358]
Event: 67.813 Thread 0x0000027faed22d50 13597       3       org.gradle.internal.serialize.DefaultSerializerRegistry$1::compare (13 bytes)
Event: 67.814 Thread 0x0000027faed22d50 nmethod 13597 0x0000027f91192d10 code [0x0000027f91192f00, 0x0000027f911934a8]
Event: 67.838 Thread 0x0000027faed22d50 13598       3       org.gradle.internal.logging.slf4j.OutputEventListenerBackedLogger::isLevelAtMost (20 bytes)
Event: 67.839 Thread 0x0000027faed22d50 nmethod 13598 0x0000027f91d68a90 code [0x0000027f91d68c40, 0x0000027f91d68f88]
Event: 67.847 Thread 0x0000027faed22d50 13599       1       org.gradle.cache.PersistentIndexedCacheParameters::getCacheName (5 bytes)
Event: 67.847 Thread 0x0000027faed22d50 nmethod 13599 0x0000027f98cfa210 code [0x0000027f98cfa3a0, 0x0000027f98cfa478]
Event: 67.859 Thread 0x0000027faed22d50 13600       3       org.gradle.cache.internal.DefaultCrossBuildInMemoryCacheFactory$AbstractCrossBuildInMemoryCache::getIfPresentWithoutLock (43 bytes)
Event: 67.860 Thread 0x0000027faed22d50 nmethod 13600 0x0000027f9134d090 code [0x0000027f9134d260, 0x0000027f9134d6c8]
Event: 67.905 Thread 0x0000027faed22d50 13602       3       org.gradle.internal.execution.fingerprint.impl.DefaultFileNormalizationSpec::hashCode (29 bytes)
Event: 67.907 Thread 0x0000027faed22d50 nmethod 13602 0x0000027f9164ee90 code [0x0000027f9164f060, 0x0000027f9164f768]
Event: 67.915 Thread 0x0000027faed22d50 13603   !   3       org.gradle.internal.instantiation.generator.DependencyInjectingInstantiator::doCreate (64 bytes)
Event: 67.919 Thread 0x0000027faed22d50 nmethod 13603 0x0000027f912c9510 code [0x0000027f912c9700, 0x0000027f912c9b78]
Event: 67.919 Thread 0x0000027faed22d50 13604       3       org.gradle.internal.instantiation.generator.ParamsMatchingConstructorSelector::forParams (481 bytes)
Event: 67.931 Thread 0x0000027faed22d50 nmethod 13604 0x0000027f91872410 code [0x0000027f91872980, 0x0000027f91875c18]

GC Heap History (20 events):
Event: 18.267 GC heap before
{Heap before GC invocations=44 (full 0):
 garbage-first heap   total 159744K, used 117169K [0x00000006e0000000, 0x0000000800000000)
  region size 4096K, 9 young (36864K), 2 survivors (8192K)
 Metaspace       used 82408K, committed 83264K, reserved 1122304K
  class space    used 11260K, committed 11648K, reserved 1048576K
}
Event: 18.275 GC heap after
{Heap after GC invocations=45 (full 0):
 garbage-first heap   total 159744K, used 93653K [0x00000006e0000000, 0x0000000800000000)
  region size 4096K, 2 young (8192K), 2 survivors (8192K)
 Metaspace       used 82408K, committed 83264K, reserved 1122304K
  class space    used 11260K, committed 11648K, reserved 1048576K
}
Event: 19.157 GC heap before
{Heap before GC invocations=45 (full 0):
 garbage-first heap   total 159744K, used 118229K [0x00000006e0000000, 0x0000000800000000)
  region size 4096K, 9 young (36864K), 2 survivors (8192K)
 Metaspace       used 82661K, committed 83520K, reserved 1122304K
  class space    used 11280K, committed 11648K, reserved 1048576K
}
Event: 19.164 GC heap after
{Heap after GC invocations=46 (full 0):
 garbage-first heap   total 159744K, used 101204K [0x00000006e0000000, 0x0000000800000000)
  region size 4096K, 2 young (8192K), 2 survivors (8192K)
 Metaspace       used 82661K, committed 83520K, reserved 1122304K
  class space    used 11280K, committed 11648K, reserved 1048576K
}
Event: 19.811 GC heap before
{Heap before GC invocations=47 (full 0):
 garbage-first heap   total 180224K, used 125780K [0x00000006e0000000, 0x0000000800000000)
  region size 4096K, 8 young (32768K), 2 survivors (8192K)
 Metaspace       used 83043K, committed 83904K, reserved 1122304K
  class space    used 11333K, committed 11712K, reserved 1048576K
}
Event: 19.817 GC heap after
{Heap after GC invocations=48 (full 0):
 garbage-first heap   total 180224K, used 106694K [0x00000006e0000000, 0x0000000800000000)
  region size 4096K, 1 young (4096K), 1 survivors (4096K)
 Metaspace       used 83043K, committed 83904K, reserved 1122304K
  class space    used 11333K, committed 11712K, reserved 1048576K
}
Event: 19.892 GC heap before
{Heap before GC invocations=48 (full 0):
 garbage-first heap   total 180224K, used 110790K [0x00000006e0000000, 0x0000000800000000)
  region size 4096K, 2 young (8192K), 1 survivors (4096K)
 Metaspace       used 83044K, committed 83904K, reserved 1122304K
  class space    used 11333K, committed 11712K, reserved 1048576K
}
Event: 19.898 GC heap after
{Heap after GC invocations=49 (full 0):
 garbage-first heap   total 180224K, used 107131K [0x00000006e0000000, 0x0000000800000000)
  region size 4096K, 1 young (4096K), 1 survivors (4096K)
 Metaspace       used 83044K, committed 83904K, reserved 1122304K
  class space    used 11333K, committed 11712K, reserved 1048576K
}
Event: 20.680 GC heap before
{Heap before GC invocations=49 (full 0):
 garbage-first heap   total 180224K, used 131707K [0x00000006e0000000, 0x0000000800000000)
  region size 4096K, 7 young (28672K), 1 survivors (4096K)
 Metaspace       used 83282K, committed 84224K, reserved 1122304K
  class space    used 11362K, committed 11776K, reserved 1048576K
}
Event: 20.685 GC heap after
{Heap after GC invocations=50 (full 0):
 garbage-first heap   total 217088K, used 112287K [0x00000006e0000000, 0x0000000800000000)
  region size 4096K, 1 young (4096K), 1 survivors (4096K)
 Metaspace       used 83282K, committed 84224K, reserved 1122304K
  class space    used 11362K, committed 11776K, reserved 1048576K
}
Event: 22.137 GC heap before
{Heap before GC invocations=51 (full 0):
 garbage-first heap   total 217088K, used 153247K [0x00000006e0000000, 0x0000000800000000)
  region size 4096K, 12 young (49152K), 1 survivors (4096K)
 Metaspace       used 84051K, committed 85120K, reserved 1122304K
  class space    used 11473K, committed 11904K, reserved 1048576K
}
Event: 22.145 GC heap after
{Heap after GC invocations=52 (full 0):
 garbage-first heap   total 217088K, used 120323K [0x00000006e0000000, 0x0000000800000000)
  region size 4096K, 2 young (8192K), 2 survivors (8192K)
 Metaspace       used 84051K, committed 85120K, reserved 1122304K
  class space    used 11473K, committed 11904K, reserved 1048576K
}
Event: 23.030 GC heap before
{Heap before GC invocations=52 (full 0):
 garbage-first heap   total 217088K, used 161283K [0x00000006e0000000, 0x0000000800000000)
  region size 4096K, 12 young (49152K), 2 survivors (8192K)
 Metaspace       used 87885K, committed 88896K, reserved 1130496K
  class space    used 12088K, committed 12480K, reserved 1048576K
}
Event: 23.038 GC heap after
{Heap after GC invocations=53 (full 0):
 garbage-first heap   total 217088K, used 125697K [0x00000006e0000000, 0x0000000800000000)
  region size 4096K, 2 young (8192K), 2 survivors (8192K)
 Metaspace       used 87885K, committed 88896K, reserved 1130496K
  class space    used 12088K, committed 12480K, reserved 1048576K
}
Event: 23.928 GC heap before
{Heap before GC invocations=54 (full 0):
 garbage-first heap   total 225280K, used 162561K [0x00000006e0000000, 0x0000000800000000)
  region size 4096K, 11 young (45056K), 2 survivors (8192K)
 Metaspace       used 91786K, committed 92800K, reserved 1130496K
  class space    used 12556K, committed 12992K, reserved 1048576K
}
Event: 23.934 GC heap after
{Heap after GC invocations=55 (full 0):
 garbage-first heap   total 225280K, used 129730K [0x00000006e0000000, 0x0000000800000000)
  region size 4096K, 1 young (4096K), 1 survivors (4096K)
 Metaspace       used 91786K, committed 92800K, reserved 1130496K
  class space    used 12556K, committed 12992K, reserved 1048576K
}
Event: 24.694 GC heap before
{Heap before GC invocations=55 (full 0):
 garbage-first heap   total 225280K, used 174786K [0x00000006e0000000, 0x0000000800000000)
  region size 4096K, 12 young (49152K), 1 survivors (4096K)
 Metaspace       used 93254K, committed 94336K, reserved 1138688K
  class space    used 12733K, committed 13184K, reserved 1048576K
}
Event: 24.712 GC heap after
{Heap after GC invocations=56 (full 0):
 garbage-first heap   total 225280K, used 140191K [0x00000006e0000000, 0x0000000800000000)
  region size 4096K, 2 young (8192K), 2 survivors (8192K)
 Metaspace       used 93254K, committed 94336K, reserved 1138688K
  class space    used 12733K, committed 13184K, reserved 1048576K
}
Event: 25.080 GC heap before
{Heap before GC invocations=57 (full 0):
 garbage-first heap   total 262144K, used 172959K [0x00000006e0000000, 0x0000000800000000)
  region size 4096K, 10 young (40960K), 2 survivors (8192K)
 Metaspace       used 93792K, committed 94848K, reserved 1138688K
  class space    used 12795K, committed 13248K, reserved 1048576K
}
Event: 25.091 GC heap after
{Heap after GC invocations=58 (full 0):
 garbage-first heap   total 262144K, used 148076K [0x00000006e0000000, 0x0000000800000000)
  region size 4096K, 2 young (8192K), 2 survivors (8192K)
 Metaspace       used 93792K, committed 94848K, reserved 1138688K
  class space    used 12795K, committed 13248K, reserved 1048576K
}

Dll operation events (2 events):
Event: 0.012 Loaded shared library C:\Program Files\Android\Android Studio\jbr\bin\java.dll
Event: 0.600 Loaded shared library C:\Program Files\Android\Android Studio\jbr\bin\verify.dll

Deoptimization events (20 events):
Event: 67.790 Thread 0x0000027fb06a9740 Uncommon trap: trap_request=0xffffffde fr.pc=0x0000027f98fa92c0 relative=0x0000000000000260
Event: 67.790 Thread 0x0000027fb06a9740 Uncommon trap: reason=class_check action=maybe_recompile pc=0x0000027f98fa92c0 method=org.gradle.internal.operations.DefaultBuildOperationListenerManager$ProgressShieldingBuildOperationListener.finished(Lorg/gradle/internal/operations/BuildOperationDescri
Event: 67.790 Thread 0x0000027fb06a9740 DEOPT PACKING pc=0x0000027f98fa92c0 sp=0x00000091a88fc750
Event: 67.791 Thread 0x0000027fb06a9740 DEOPT UNPACKING pc=0x0000027f984e69a3 sp=0x00000091a88fc678 mode 2
Event: 67.798 Thread 0x0000027fb06a9740 Uncommon trap: trap_request=0xffffff76 fr.pc=0x0000027f98d0f268 relative=0x00000000000003a8
Event: 67.798 Thread 0x0000027fb06a9740 Uncommon trap: reason=predicate action=maybe_recompile pc=0x0000027f98d0f268 method=java.util.AbstractCollection.toArray([Ljava/lang/Object;)[Ljava/lang/Object; @ 43 c2
Event: 67.798 Thread 0x0000027fb06a9740 DEOPT PACKING pc=0x0000027f98d0f268 sp=0x00000091a88fb100
Event: 67.798 Thread 0x0000027fb06a9740 DEOPT UNPACKING pc=0x0000027f984e69a3 sp=0x00000091a88fb098 mode 2
Event: 67.831 Thread 0x0000027fb06a9740 Uncommon trap: trap_request=0xffffff45 fr.pc=0x0000027f98ec209c relative=0x000000000000051c
Event: 67.831 Thread 0x0000027fb06a9740 Uncommon trap: reason=unstable_if action=reinterpret pc=0x0000027f98ec209c method=org.gradle.cache.internal.DefaultCrossBuildInMemoryCacheFactory$AbstractCrossBuildInMemoryCache.getIfPresentWithoutLock(Ljava/lang/Object;)Ljava/lang/Object; @ 24 c2
Event: 67.831 Thread 0x0000027fb06a9740 DEOPT PACKING pc=0x0000027f98ec209c sp=0x00000091a88f8750
Event: 67.832 Thread 0x0000027fb06a9740 DEOPT UNPACKING pc=0x0000027f984e69a3 sp=0x00000091a88f8708 mode 2
Event: 67.862 Thread 0x0000027fb06a9740 Uncommon trap: trap_request=0xffffff45 fr.pc=0x0000027f98eb80f0 relative=0x0000000000002610
Event: 67.862 Thread 0x0000027fb06a9740 Uncommon trap: reason=unstable_if action=reinterpret pc=0x0000027f98eb80f0 method=org.gradle.cache.internal.DefaultCrossBuildInMemoryCacheFactory$AbstractCrossBuildInMemoryCache.getIfPresentWithoutLock(Ljava/lang/Object;)Ljava/lang/Object; @ 24 c2
Event: 67.862 Thread 0x0000027fb06a9740 DEOPT PACKING pc=0x0000027f98eb80f0 sp=0x00000091a88f8ab0
Event: 67.862 Thread 0x0000027fb06a9740 DEOPT UNPACKING pc=0x0000027f984e69a3 sp=0x00000091a88f8850 mode 2
Event: 67.900 Thread 0x0000027fb06a9740 Uncommon trap: trap_request=0xffffff45 fr.pc=0x0000027f98e57914 relative=0x0000000000000074
Event: 67.900 Thread 0x0000027fb06a9740 Uncommon trap: reason=unstable_if action=reinterpret pc=0x0000027f98e57914 method=com.google.common.math.IntMath.log2(ILjava/math/RoundingMode;)I @ 15 c2
Event: 67.900 Thread 0x0000027fb06a9740 DEOPT PACKING pc=0x0000027f98e57914 sp=0x00000091a88f8a80
Event: 67.901 Thread 0x0000027fb06a9740 DEOPT UNPACKING pc=0x0000027f984e69a3 sp=0x00000091a88f8a08 mode 2

Classes unloaded (0 events):
No events

Classes redefined (0 events):
No events

Internal exceptions (20 events):
Event: 25.694 Thread 0x0000027fb36333b0 Exception <a 'java/lang/ClassNotFoundException'{0x00000006ede7f010}: org/gradle/process/internal/DefaultExecActionCustomizer> (0x00000006ede7f010) 
thrown [s\src\hotspot\share\classfile\systemDictionary.cpp, line 256]
Event: 25.695 Thread 0x0000027fb36333b0 Exception <a 'java/lang/ClassNotFoundException'{0x00000006ede9a710}: org/gradle/process/internal/DefaultExecAction_DecoratedCustomizer> (0x00000006ede9a710) 
thrown [s\src\hotspot\share\classfile\systemDictionary.cpp, line 256]
Event: 25.698 Thread 0x0000027fb36333b0 Exception <a 'java/lang/ClassNotFoundException'{0x00000006eded3388}: org/gradle/api/logging/LogLevelBeanInfo> (0x00000006eded3388) 
thrown [s\src\hotspot\share\classfile\systemDictionary.cpp, line 256]
Event: 25.699 Thread 0x0000027fb36333b0 Exception <a 'java/lang/ClassNotFoundException'{0x00000006edee41d0}: org/gradle/api/logging/LogLevelCustomizer> (0x00000006edee41d0) 
thrown [s\src\hotspot\share\classfile\systemDictionary.cpp, line 256]
Event: 25.702 Thread 0x0000027fb36333b0 Exception <a 'java/lang/ClassNotFoundException'{0x00000006edf28540}: org/gradle/internal/logging/services/DefaultLoggingManagerBeanInfo> (0x00000006edf28540) 
thrown [s\src\hotspot\share\classfile\systemDictionary.cpp, line 256]
Event: 25.703 Thread 0x0000027fb36333b0 Exception <a 'java/lang/ClassNotFoundException'{0x00000006edf39f10}: org/gradle/internal/logging/services/DefaultLoggingManagerCustomizer> (0x00000006edf39f10) 
thrown [s\src\hotspot\share\classfile\systemDictionary.cpp, line 256]
Event: 25.706 Thread 0x0000027fb36333b0 Exception <a 'java/lang/ClassNotFoundException'{0x00000006edf6b488}: java/lang/BooleanBeanInfo> (0x00000006edf6b488) 
thrown [s\src\hotspot\share\classfile\systemDictionary.cpp, line 256]
Event: 25.707 Thread 0x0000027fb36333b0 Exception <a 'java/lang/ClassNotFoundException'{0x00000006edf724f8}: java/lang/BooleanCustomizer> (0x00000006edf724f8) 
thrown [s\src\hotspot\share\classfile\systemDictionary.cpp, line 256]
Event: 25.920 Thread 0x0000027fb22bf8a0 Exception <a 'java/lang/NoSuchMethodError'{0x00000006edfec378}: 'void java.lang.invoke.DirectMethodHandle$Holder.invokeStatic(java.lang.Object, long)'> (0x00000006edfec378) 
thrown [s\src\hotspot\share\interpreter\linkResolver.cpp, line 771]
Event: 25.921 Thread 0x0000027fb22bf8a0 Exception <a 'java/lang/NoSuchMethodError'{0x00000006edff1930}: 'java.lang.Object java.lang.invoke.DirectMethodHandle$Holder.newInvokeSpecial(java.lang.Object, long)'> (0x00000006edff1930) 
thrown [s\src\hotspot\share\interpreter\linkResolver.cpp, line 771]
Event: 25.923 Thread 0x0000027fb22bf8a0 Exception <a 'java/lang/NoSuchMethodError'{0x00000006edff84a8}: 'java.lang.Object java.lang.invoke.DirectMethodHandle$Holder.invokeStatic(java.lang.Object, java.lang.Object, long, java.lang.Object)'> (0x00000006edff84a8) 
thrown [s\src\hotspot\share\interpreter\linkResolver.cpp, line 771]
Event: 25.924 Thread 0x0000027fb22bf8a0 Exception <a 'java/lang/NoSuchMethodError'{0x00000006edffbf40}: 'java.lang.Object java.lang.invoke.DirectMethodHandle$Holder.invokeStaticInit(java.lang.Object, java.lang.Object, long, java.lang.Object)'> (0x00000006edffbf40) 
thrown [s\src\hotspot\share\interpreter\linkResolver.cpp, line 771]
Event: 31.028 Thread 0x0000027fb36333b0 Exception <a 'java/lang/reflect/InvocationTargetException'{0x00000006edfd6c30}> (0x00000006edfd6c30) 
thrown [s\src\hotspot\share\runtime\reflection.cpp, line 1127]
Event: 31.257 Thread 0x0000027fb06a9740 Implicit null exception at 0x0000027f98daabac to 0x0000027f98dab350
Event: 31.257 Thread 0x0000027fb06a9740 Implicit null exception at 0x0000027f98e5f68f to 0x0000027f98e5f6e0
Event: 31.407 Thread 0x0000027fb08c3600 Exception <a 'java/lang/NoSuchMethodError'{0x00000006ed20eea0}: static Lorg/gradle/tooling/internal/provider/serialization/ClassLoaderDetails;.<clinit>()V> (0x00000006ed20eea0) 
thrown [s\src\hotspot\share\prims\jni.cpp, line 1108]
Event: 31.417 Thread 0x0000027fb08c3600 Exception <a 'java/lang/NoSuchMethodError'{0x00000006ed2209e0}: static Lorg/gradle/tooling/internal/provider/serialization/WellKnownClassLoaderRegistry$KnownClassLoaderSpec;.<clinit>()V> (0x00000006ed2209e0) 
thrown [s\src\hotspot\share\prims\jni.cpp, line 1108]
Event: 31.417 Thread 0x0000027fb08c3600 Exception <a 'java/lang/NoSuchMethodError'{0x00000006ed222058}: static Lorg/gradle/internal/classloader/ClassLoaderSpec;.<clinit>()V> (0x00000006ed222058) 
thrown [s\src\hotspot\share\prims\jni.cpp, line 1108]
Event: 31.419 Thread 0x0000027fb08c3600 Exception <a 'java/lang/NoSuchMethodError'{0x00000006ed234110}: static Lorg/gradle/internal/classloader/ClassLoaderSpec;.<clinit>()V> (0x00000006ed234110) 
thrown [s\src\hotspot\share\prims\jni.cpp, line 1108]
Event: 31.421 Thread 0x0000027fb08c3600 Exception <a 'java/lang/NoSuchMethodError'{0x00000006ed23fc38}: static Lorg/gradle/internal/classloader/VisitableURLClassLoader$Spec;.<clinit>()V> (0x00000006ed23fc38) 
thrown [s\src\hotspot\share\prims\jni.cpp, line 1108]

VM Operations (20 events):
Event: 31.048 Executing VM operation: HandshakeAllThreads
Event: 31.049 Executing VM operation: HandshakeAllThreads done
Event: 31.102 Executing VM operation: HandshakeAllThreads
Event: 31.102 Executing VM operation: HandshakeAllThreads done
Event: 31.186 Executing VM operation: HandshakeAllThreads
Event: 31.186 Executing VM operation: HandshakeAllThreads done
Event: 32.192 Executing VM operation: Cleanup
Event: 32.193 Executing VM operation: Cleanup done
Event: 33.202 Executing VM operation: Cleanup
Event: 33.202 Executing VM operation: Cleanup done
Event: 47.319 Executing VM operation: Cleanup
Event: 47.319 Executing VM operation: Cleanup done
Event: 53.373 Executing VM operation: Cleanup
Event: 53.373 Executing VM operation: Cleanup done
Event: 57.417 Executing VM operation: Cleanup
Event: 57.417 Executing VM operation: Cleanup done
Event: 62.453 Executing VM operation: Cleanup
Event: 62.453 Executing VM operation: Cleanup done
Event: 67.509 Executing VM operation: Cleanup
Event: 67.509 Executing VM operation: Cleanup done

Events (20 events):
Event: 31.407 loading class java/io/ObjectStreamClass$3 done
Event: 31.408 loading class java/io/ObjectStreamClass$4
Event: 31.408 loading class java/io/ObjectStreamClass$4 done
Event: 31.408 loading class java/io/ObjectStreamClass$5
Event: 31.408 loading class java/io/ObjectStreamClass$5 done
Event: 31.421 loading class java/net/UrlDeserializedState
Event: 31.422 loading class java/net/UrlDeserializedState done
Event: 31.426 Thread 0x0000027fb06a7f30 Thread exited: 0x0000027fb06a7f30
Event: 31.551 Thread 0x0000027fb0455020 Thread exited: 0x0000027fb0455020
Event: 32.241 Thread 0x0000027fb3d43e80 Thread exited: 0x0000027fb3d43e80
Event: 32.241 Thread 0x0000027fb3d43970 Thread exited: 0x0000027fb3d43970
Event: 67.525 Thread 0x0000027fb22ba6d0 Thread added: 0x0000027fb22ba6d0
Event: 67.603 Thread 0x0000027fb22b89f0 Thread added: 0x0000027fb22b89f0
Event: 67.630 Thread 0x0000027fb22b8ec0 Thread added: 0x0000027fb22b8ec0
Event: 67.638 Thread 0x0000027fb22bd220 Thread added: 0x0000027fb22bd220
Event: 67.640 Thread 0x0000027fb22bd6f0 Thread added: 0x0000027fb22bd6f0
Event: 67.831 Thread 0x0000027fb22bdbc0 Thread added: 0x0000027fb22bdbc0
Event: 67.847 Thread 0x0000027fb22be560 Thread added: 0x0000027fb22be560
Event: 67.877 Thread 0x0000027fb22bea30 Thread added: 0x0000027fb22bea30
Event: 67.884 Thread 0x0000027fb22bef00 Thread added: 0x0000027fb22bef00


Dynamic libraries:
0x00007ff7c6500000 - 0x00007ff7c650a000 	C:\Program Files\Android\Android Studio\jbr\bin\java.exe
0x00007ff9fbd50000 - 0x00007ff9fbf64000 	C:\WINDOWS\SYSTEM32\ntdll.dll
0x00007ff9fae90000 - 0x00007ff9faf52000 	C:\WINDOWS\System32\KERNEL32.DLL
0x00007ff9f94f0000 - 0x00007ff9f9893000 	C:\WINDOWS\System32\KERNELBASE.dll
0x00007ff9f93d0000 - 0x00007ff9f94e1000 	C:\WINDOWS\System32\ucrtbase.dll
0x00007ff9c1190000 - 0x00007ff9c11ab000 	C:\Program Files\Android\Android Studio\jbr\bin\VCRUNTIME140.dll
0x00007ff9e9a50000 - 0x00007ff9e9a67000 	C:\Program Files\Android\Android Studio\jbr\bin\jli.dll
0x00007ff9f9ba0000 - 0x00007ff9f9d4b000 	C:\WINDOWS\System32\USER32.dll
0x00007ff9f9b00000 - 0x00007ff9f9b26000 	C:\WINDOWS\System32\win32u.dll
0x00007ff9f9d50000 - 0x00007ff9f9d79000 	C:\WINDOWS\System32\GDI32.dll
0x00007ff9f98a0000 - 0x00007ff9f99b9000 	C:\WINDOWS\System32\gdi32full.dll
0x00007ff9ddb60000 - 0x00007ff9dddee000 	C:\WINDOWS\WinSxS\amd64_microsoft.windows.common-controls_6595b64144ccf1df_6.0.22621.1635_none_270f70857386168e\COMCTL32.dll
0x00007ff9f9330000 - 0x00007ff9f93ca000 	C:\WINDOWS\System32\msvcp_win.dll
0x00007ff9fa190000 - 0x00007ff9fa237000 	C:\WINDOWS\System32\msvcrt.dll
0x00007ff9fa0e0000 - 0x00007ff9fa111000 	C:\WINDOWS\System32\IMM32.DLL
0x00007ff9eb1c0000 - 0x00007ff9eb1cc000 	C:\Program Files\Android\Android Studio\jbr\bin\vcruntime140_1.dll
0x00007ff9bc350000 - 0x00007ff9bc3dd000 	C:\Program Files\Android\Android Studio\jbr\bin\msvcp140.dll
0x00007ff9326b0000 - 0x00007ff93331d000 	C:\Program Files\Android\Android Studio\jbr\bin\server\jvm.dll
0x00007ff9fbae0000 - 0x00007ff9fbb8e000 	C:\WINDOWS\System32\ADVAPI32.dll
0x00007ff9fb800000 - 0x00007ff9fb8a4000 	C:\WINDOWS\System32\sechost.dll
0x00007ff9fab40000 - 0x00007ff9fac57000 	C:\WINDOWS\System32\RPCRT4.dll
0x00007ff9f1a70000 - 0x00007ff9f1aa4000 	C:\WINDOWS\SYSTEM32\WINMM.dll
0x00007ff9d8c10000 - 0x00007ff9d8c19000 	C:\WINDOWS\SYSTEM32\WSOCK32.dll
0x00007ff9ef7c0000 - 0x00007ff9ef7ca000 	C:\WINDOWS\SYSTEM32\VERSION.dll
0x00007ff9fbb90000 - 0x00007ff9fbc01000 	C:\WINDOWS\System32\WS2_32.dll
0x00007ff9f81a0000 - 0x00007ff9f81b8000 	C:\WINDOWS\SYSTEM32\kernel.appcore.dll
0x00007ff9ea8e0000 - 0x00007ff9ea8ea000 	C:\Program Files\Android\Android Studio\jbr\bin\jimage.dll
0x00007ff9f6c50000 - 0x00007ff9f6e7e000 	C:\WINDOWS\SYSTEM32\DBGHELP.DLL
0x00007ff9fb3e0000 - 0x00007ff9fb769000 	C:\WINDOWS\System32\combase.dll
0x00007ff9fa240000 - 0x00007ff9fa317000 	C:\WINDOWS\System32\OLEAUT32.dll
0x00007ff9e6d60000 - 0x00007ff9e6d92000 	C:\WINDOWS\SYSTEM32\dbgcore.DLL
0x00007ff9f99c0000 - 0x00007ff9f9a3b000 	C:\WINDOWS\System32\bcryptPrimitives.dll
0x00007ff9be560000 - 0x00007ff9be585000 	C:\Program Files\Android\Android Studio\jbr\bin\java.dll
0x00007ff9bf230000 - 0x00007ff9bf248000 	C:\Program Files\Android\Android Studio\jbr\bin\zip.dll
0x00007ff9fa320000 - 0x00007ff9fab1a000 	C:\WINDOWS\System32\SHELL32.dll
0x00007ff9f7150000 - 0x00007ff9f7a1e000 	C:\WINDOWS\SYSTEM32\windows.storage.dll
0x00007ff9f7010000 - 0x00007ff9f714e000 	C:\WINDOWS\SYSTEM32\wintypes.dll
0x00007ff9fbc10000 - 0x00007ff9fbd01000 	C:\WINDOWS\System32\SHCORE.dll
0x00007ff9f9fd0000 - 0x00007ff9fa02e000 	C:\WINDOWS\System32\shlwapi.dll
0x00007ff9f9080000 - 0x00007ff9f90a1000 	C:\WINDOWS\SYSTEM32\profapi.dll
0x00007ff9bedf0000 - 0x00007ff9bee09000 	C:\Program Files\Android\Android Studio\jbr\bin\net.dll
0x00007ff9f1930000 - 0x00007ff9f1a67000 	C:\WINDOWS\SYSTEM32\WINHTTP.dll
0x00007ff9f8610000 - 0x00007ff9f8679000 	C:\WINDOWS\system32\mswsock.dll
0x00007ff9becc0000 - 0x00007ff9becd6000 	C:\Program Files\Android\Android Studio\jbr\bin\nio.dll
0x00007ff9ea4e0000 - 0x00007ff9ea4f0000 	C:\Program Files\Android\Android Studio\jbr\bin\verify.dll
0x00007ff9be760000 - 0x00007ff9be787000 	C:\Users\ifnaa_iyjrs70\.gradle\native\e1d6ef7f7dcc3fd88c89a11ec53ec762bb8ba0a96d01ffa2cd45eb1d1d8dd5c5\windows-amd64\native-platform.dll
0x00007ff9ad440000 - 0x00007ff9ad584000 	C:\Users\ifnaa_iyjrs70\.gradle\native\0d407fdbe67a94daf76414ababcb853783967236a71b16ec16e742cd7a986fd3\windows-amd64\native-platform-file-events.dll
0x00007ff9e6040000 - 0x00007ff9e6049000 	C:\Program Files\Android\Android Studio\jbr\bin\management.dll
0x00007ff9dd670000 - 0x00007ff9dd67b000 	C:\Program Files\Android\Android Studio\jbr\bin\management_ext.dll
0x00007ff9fb790000 - 0x00007ff9fb798000 	C:\WINDOWS\System32\PSAPI.DLL
0x00007ff9f8880000 - 0x00007ff9f889b000 	C:\WINDOWS\SYSTEM32\CRYPTSP.dll
0x00007ff9f8110000 - 0x00007ff9f8145000 	C:\WINDOWS\system32\rsaenh.dll
0x00007ff9f8710000 - 0x00007ff9f8738000 	C:\WINDOWS\SYSTEM32\USERENV.dll
0x00007ff9f8a10000 - 0x00007ff9f8a38000 	C:\WINDOWS\SYSTEM32\bcrypt.dll
0x00007ff9f8870000 - 0x00007ff9f887c000 	C:\WINDOWS\SYSTEM32\CRYPTBASE.dll
0x00007ff9f7cc0000 - 0x00007ff9f7ced000 	C:\WINDOWS\SYSTEM32\IPHLPAPI.DLL
0x00007ff9fab30000 - 0x00007ff9fab39000 	C:\WINDOWS\System32\NSI.dll
0x00007ff9f1680000 - 0x00007ff9f1699000 	C:\WINDOWS\SYSTEM32\dhcpcsvc6.DLL
0x00007ff9f1660000 - 0x00007ff9f167f000 	C:\WINDOWS\SYSTEM32\dhcpcsvc.DLL
0x00007ff9f7cf0000 - 0x00007ff9f7de3000 	C:\WINDOWS\SYSTEM32\DNSAPI.dll
0x00007ff9dd520000 - 0x00007ff9dd528000 	C:\WINDOWS\system32\wshunix.dll

dbghelp: loaded successfully - version: 4.0.5 - missing functions: none
symbol engine: initialized successfully - sym options: 0x614 - pdb path: .;C:\Program Files\Android\Android Studio\jbr\bin;C:\WINDOWS\SYSTEM32;C:\WINDOWS\WinSxS\amd64_microsoft.windows.common-controls_6595b64144ccf1df_6.0.22621.1635_none_270f70857386168e;C:\Program Files\Android\Android Studio\jbr\bin\server;C:\Users\ifnaa_iyjrs70\.gradle\native\e1d6ef7f7dcc3fd88c89a11ec53ec762bb8ba0a96d01ffa2cd45eb1d1d8dd5c5\windows-amd64;C:\Users\ifnaa_iyjrs70\.gradle\native\0d407fdbe67a94daf76414ababcb853783967236a71b16ec16e742cd7a986fd3\windows-amd64

VM Arguments:
jvm_args: --add-opens=java.base/java.util=ALL-UNNAMED --add-opens=java.base/java.lang=ALL-UNNAMED --add-opens=java.base/java.lang.invoke=ALL-UNNAMED --add-opens=java.base/java.util=ALL-UNNAMED --add-opens=java.prefs/java.util.prefs=ALL-UNNAMED --add-opens=java.prefs/java.util.prefs=ALL-UNNAMED --add-opens=java.base/java.nio.charset=ALL-UNNAMED --add-opens=java.base/java.net=ALL-UNNAMED --add-opens=java.base/java.util.concurrent.atomic=ALL-UNNAMED -Xmx4608m -Dfile.encoding=windows-1252 -Duser.country=IN -Duser.language=en -Duser.variant 
java_command: org.gradle.launcher.daemon.bootstrap.GradleDaemon 7.5
java_class_path (initial): C:\Users\ifnaa_iyjrs70\.gradle\wrapper\dists\gradle-7.5-all\6qsw290k5lz422uaf8jf6m7co\gradle-7.5\lib\gradle-launcher-7.5.jar
Launcher Type: SUN_STANDARD

[Global flags]
     intx CICompilerCount                          = 4                                         {product} {ergonomic}
     uint ConcGCThreads                            = 3                                         {product} {ergonomic}
     uint G1ConcRefinementThreads                  = 10                                        {product} {ergonomic}
   size_t G1HeapRegionSize                         = 4194304                                   {product} {ergonomic}
    uintx GCDrainStackTargetSize                   = 64                                        {product} {ergonomic}
   size_t InitialHeapSize                          = 100663296                                 {product} {ergonomic}
   size_t MarkStackSize                            = 4194304                                   {product} {ergonomic}
   size_t MaxHeapSize                              = 4831838208                                {product} {command line}
   size_t MaxNewSize                               = 2898264064                                {product} {ergonomic}
   size_t MinHeapDeltaBytes                        = 4194304                                   {product} {ergonomic}
   size_t MinHeapSize                              = 8388608                                   {product} {ergonomic}
    uintx NonNMethodCodeHeapSize                   = 5839372                                {pd product} {ergonomic}
    uintx NonProfiledCodeHeapSize                  = 122909434                              {pd product} {ergonomic}
    uintx ProfiledCodeHeapSize                     = 122909434                              {pd product} {ergonomic}
    uintx ReservedCodeCacheSize                    = 251658240                              {pd product} {ergonomic}
     bool SegmentedCodeCache                       = true                                      {product} {ergonomic}
   size_t SoftMaxHeapSize                          = 4831838208                             {manageable} {ergonomic}
     bool UseCompressedClassPointers               = true                           {product lp64_product} {ergonomic}
     bool UseCompressedOops                        = true                           {product lp64_product} {ergonomic}
     bool UseG1GC                                  = true                                      {product} {ergonomic}
     bool UseLargePagesIndividualAllocation        = false                                  {pd product} {ergonomic}

Logging:
Log output configuration:
 #0: stdout all=warning uptime,level,tags
 #1: stderr all=off uptime,level,tags

Environment Variables:
JAVA_HOME=C:\Program Files\Android\Android Studio\jbr
CLASSPATH=C:\Users\ifnaa_iyjrs70\OneDrive\Desktop\project\knightly\Dechess\android\\gradle\wrapper\gradle-wrapper.jar
PATH=C:\Program Files\Common Files\Oracle\Java\javapath;C:\Program Files\Microsoft\jdk-11.0.16.101-hotspot\bin;C:\WINDOWS\system32;C:\WINDOWS;C:\WINDOWS\System32\Wbem;C:\WINDOWS\System32\WindowsPowerShell\v1.0\;C:\WINDOWS\System32\OpenSSH\;C:\Program Files\Java\jdk-20\bin;C:\flutter\bin;C:\Program Files\Microsoft SQL Server\150\Tools\Binn\;C:\Program Files\Microsoft SQL Server\Client SDK\ODBC\170\Tools\Binn\;C:\Program Files\dotnet\;C:\Program Files (x86)\Incredibuild;C:\Program Files\Git\cmd;C:\Program Files\nodejs\;C:\Users\ifnaa_iyjrs70\AppData\Local\Microsoft\WindowsApps;C:\Users\ifnaa_iyjrs70\.dotnet\tools;C:\Users\ifnaa_iyjrs70\AppData\Local\Programs\Microsoft VS Code\bin;C:\Users\ifnaa_iyjrs70\AppData\Roaming\npm;C:\Program Files\nodejs\;C:\flutter\bin;C:\Program Files\Android\Android Studio\bin;C:\Users\ifnaa_iyjrs70\AppData\Local\Google\Cloud SDK\google-cloud-sdk\bin;C:\flutter\bin\mingit\cmd
USERNAME=ifnaa_iyjrs70
OS=Windows_NT
PROCESSOR_IDENTIFIER=AMD64 Family 23 Model 104 Stepping 1, AuthenticAMD
TMP=C:\Users\IFNAA_~1\AppData\Local\Temp
TEMP=C:\Users\IFNAA_~1\AppData\Local\Temp



---------------  S Y S T E M  ---------------

OS:
 Windows 11 , 64 bit Build 22621 (10.0.22621.1778)
OS uptime: 22 days 7:12 hours

CPU: total 12 (initial active 12) (12 cores per cpu, 2 threads per core) family 23 model 104 stepping 1 microcode 0x0, cx8, cmov, fxsr, ht, mmx, 3dnowpref, sse, sse2, sse3, ssse3, sse4a, sse4.1, sse4.2, popcnt, lzcnt, tsc, tscinvbit, avx, avx2, aes, clmul, bmi1, bmi2, adx, sha, fma, vzeroupper, clflush, clflushopt

Memory: 4k page, system-wide physical 6005M (34M free)
TotalPageFile size 24437M (AvailPageFile size 4M)
current process WorkingSet (physical memory assigned to process): 93M, peak: 396M
current process commit charge ("private bytes"): 558M, peak: 584M

vm_info: OpenJDK 64-Bit Server VM (17.0.6+0-b2043.56-9586694) for windows-amd64 JRE (17.0.6+0-b2043.56-9586694), built on Feb  9 2023 20:06:20 by "androidbuild" with MS VC++ 16.10 / 16.11 (VS2019)

END.
